could not spawn remote thread: (os/kern) invalid argument
yabai: scripting-addition failed to inject payload into Dock.app!
could not locate the space to act on!
could not locate the space to act on!
could not locate the space to act on!
'window_opacity_duration' cannot be changed on macOS Catalina/Big Sur/Monterey because of an Apple bug in the WindowServer
yabai configuration loaded..
could not retrieve window details.

could not locate the window to act on!
hi
1575
1575
1575
1575
1575
1575
1575
could not retrieve window details.

could not locate the window to act on!
hi
1575
1575
could not retrieve window details.

could not locate the window to act on!
hi
1575
could not retrieve window details.

could not locate the window to act on!
hi
8673
could not retrieve window details.

could not locate the window to act on!
hi
8775
could not retrieve window details.

could not locate the window to act on!
hi
1575
could not retrieve window details.

hi
could not retrieve window details.

could not locate the window to act on!
hi
could not retrieve window details.

could not locate the window to act on!
hi
could not retrieve window details.

could not locate the window to act on!
hi
could not retrieve window details.

could not locate the window to act on!
hi
could not retrieve window details.

could not locate the window to act on!
hi
could not retrieve window details.

could not locate the window to act on!
hi
could not retrieve window details.

could not locate the window to act on!
hi
could not retrieve window details.

could not locate the window to act on!
hi
could not retrieve window details.

could not locate the window to act on!
hi
could not retrieve window details.

could not locate the window to act on!
hi
1575
1575
8125
could not retrieve window details.

could not locate the window to act on!
hi
could not retrieve window details.

could not locate the window to act on!
hi
could not retrieve window details.

could not locate the window to act on!
hi
could not retrieve window details.

could not locate the window to act on!
hi
could not retrieve window details.

could not locate the window to act on!
hi
1575
8673
could not retrieve window details.

could not locate the window to act on!
hi
8673
8673
could not retrieve window details.

could not locate the window to act on!
hi
1575
8673
could not retrieve window details.

could not locate the window to act on!
hi
could not retrieve window details.

could not locate the window to act on!
hi
8125
9170
8125
could not retrieve window details.

could not locate the window to act on!
hi
could not retrieve window details.

could not locate the window to act on!
hi
1575
could not retrieve window details.

could not locate the window to act on!
hi
could not retrieve window details.

could not locate the window to act on!
hi
1575
9255
could not retrieve window details.

could not locate the window to act on!
hi
could not retrieve window details.

could not locate the window to act on!
hi
could not retrieve window details.

could not locate the window to act on!
hi
could not retrieve window details.

could not locate the window to act on!
hi
9305
could not retrieve window details.

could not locate the window to act on!
hi
9311
9645
could not retrieve window details.

could not locate the window to act on!
hi
1575
9656
9808
9815
9656
9656
9656
1575
10067
10067
10067
10067
10067
10067
could not retrieve window details.

hi
10079
10079
could not retrieve window details.

could not locate the window to act on!
hi
1575
1575
1575
10067
9947
10067
could not retrieve window details.

could not locate the window to act on!
hi
10067
10067
10067
10310
10310
10067
could not retrieve window details.

could not locate the window to act on!
hi
9656
10067
10067
10067
could not retrieve window details.

could not locate the window to act on!
hi
could not retrieve window details.

could not locate the window to act on!
hi
could not retrieve window details.

could not locate the window to act on!
hi
9656
9656
10067
10067
10067
10067
10067
10067
10067
10067
10067
10067
10067
10067
10067
10067
10067
11791
11943
could not retrieve window details.

could not locate the window to act on!
hi
could not retrieve window details.

could not locate the window to act on!
hi
12464
12464
10310
11791
10310
11943
11943
could not retrieve window details.

could not locate the window to act on!
hi
11943
11791
11791
11791
11791
11791
11791
11791
13239
could not retrieve window details.

could not locate the window to act on!
hi
10310
10310
10310
could not retrieve window details.

could not locate the window to act on!
hi
10310
could not retrieve window details.

could not locate the window to act on!
hi
could not retrieve window details.

could not locate the window to act on!
hi
could not retrieve window details.

could not locate the window to act on!
hi
could not retrieve window details.

could not locate the window to act on!
hi
could not retrieve window details.

could not locate the window to act on!
hi
11943
could not retrieve window details.

could not locate the window to act on!
hi
could not retrieve window details.

could not locate the window to act on!
hi
could not retrieve window details.

could not locate the window to act on!
hi
could not retrieve window details.

could not locate the window to act on!
hi
could not retrieve window details.

could not locate the window to act on!
hi
could not retrieve window details.

could not locate the window to act on!
hi
10310
10310
10310
10310
could not retrieve window details.

hi
10310
10310
11943
10310
could not retrieve window details.

could not locate the window to act on!
hi
11791
9656
9656
9656
9656
9656
11791
17408
could not retrieve window details.

could not locate the window to act on!
hi
17389
11791
11791
17389
11791
11791
could not retrieve window details.

could not locate the window to act on!
hi
could not retrieve window details.

could not locate the window to act on!
hi
17389
17389
17389
11791
11791
11791
11791
11791
11791
11791
11791
11791
could not retrieve window details.

hi
18048
18048
could not retrieve window details.

could not locate the window to act on!
hi
11791
11791
11791
17389
17389
17389
17389
11791
11791
17389
17389
17389
17389
17389
11791
18821
could not retrieve window details.

could not locate the window to act on!
hi
18953
could not retrieve window details.

could not locate the window to act on!
hi
18944
18944
18821
could not retrieve window details.

could not locate the window to act on!
hi
18994
11791
18821
17389
17389
17389
17389
17389
17389
11791
11791
could not retrieve window details.

could not locate the window to act on!
hi
could not retrieve window details.

hi
11791
could not retrieve window details.

could not locate the window to act on!
hi
17389
19525
could not retrieve window details.

could not retrieve window details.
could not locate the window to act on!
hi

could not locate the window to act on!
hi
could not retrieve window details.

could not locate the window to act on!
hi
17389
17389
could not retrieve window details.

could not locate the window to act on!
hi
could not retrieve window details.

could not locate the window to act on!
hi
could not retrieve window details.

could not locate the window to act on!
hi
could not retrieve window details.
could not retrieve window details.


could not locate the window to act on!
hi
could not locate the window to act on!
hi
could not retrieve window details.

could not locate the window to act on!
hi
11791
17389
could not retrieve window details.

could not locate the window to act on!
hi
could not retrieve window details.

could not locate the window to act on!
hi
could not retrieve window details.

could not locate the window to act on!
hi
17389
could not retrieve window details.

could not locate the window to act on!
hi
could not retrieve window details.

could not locate the window to act on!
hi
17389
could not retrieve window details.

could not locate the window to act on!
hi
11791
11791
could not retrieve window details.

could not locate the window to act on!
hi
11791
could not retrieve window details.

hi
20726
could not retrieve window details.

could not locate the window to act on!
hi
11791
11791
17389
11791
11791
11791
17389
17389
17389
17389
17389
17389
11791
17389
17389
17389
could not retrieve window details.

could not locate the window to act on!
hi
could not retrieve window details.

could not locate the window to act on!
hi
could not retrieve window details.

could not locate the window to act on!
hi
22477
could not retrieve window details.

could not locate the window to act on!
hi
22486
could not retrieve window details.

could not locate the window to act on!
hi
22486
22562
could not retrieve window details.

could not locate the window to act on!
hi
22486
could not retrieve window details.

hi
22486
22956
22956
22486
22486
22486
could not retrieve window details.

could not locate the window to act on!
hi
could not retrieve window details.

could not locate the window to act on!
hi
could not retrieve window details.

could not locate the window to act on!
hi
could not retrieve window details.

hi
could not retrieve window details.

could not locate the window to act on!
hi
could not retrieve window details.

could not locate the window to act on!
hi
22486
22486
could not retrieve window details.

could not locate the window to act on!
hi
22486
22486
could not retrieve window details.

could not locate the window to act on!
hi
could not retrieve window details.

could not locate the window to act on!
hi
23810
could not retrieve window details.

could not locate the window to act on!
hi
could not retrieve window details.

could not locate the window to act on!
hi
could not retrieve window details.

could not locate the window to act on!
hi
yabai-msg: failed to connect to socket..
yabai-msg: failed to connect to socket..


yabai-msg: failed to connect to socket..
yabai-msg: failed to connect to socket..
yabai-msg: failed to connect to socket..
yabai-msg: failed to connect to socket..
hi
hi

yabai-msg: failed to connect to socket..
yabai-msg: failed to connect to socket..
hi
