Jun 06 11:10:26 host=smtp.gmail.com tls=on auth=on user=aayushbajaj7@gmail.com from=aayushbajaj7@gmail.com recipients=z5362216@ad.unsw.edu.au mailsize=301 smtpstatus=250 smtpmsg='250 2.0.0 OK  1654477826 jc19-20020a17090325d300b0015e8da1f9e8sm9177134plb.77 - gsmtp' exitcode=EX_OK
Jun 06 11:19:52 host=smtp.gmail.com tls=on auth=on user=aayushbajaj7@gmail.com from=aayushbajaj7@gmail.com recipients=z5362216@ad.unsw.edu.au mailsize=136934 smtpstatus=250 smtpmsg='250 2.0.0 OK  1654478391 u14-20020a170902714e00b0015e8d4eb1f9sm9282647plm.67 - gsmtp' exitcode=EX_OK
Jun 06 12:47:33 host=smtp.office365.com tls=on auth=on user=z5362216@ad.unsw.edu.au from=z5362216@ad.unsw.edu.au recipients=aayushbajaj7@gmail.com mailsize=289 smtpstatus=250 smtpmsg='250 2.0.0 OK <20220606024422.hmwx6oury4f5bzh7@abelard> [Hostname=SY2PR01MB2412.ausprd01.prod.outlook.com]' exitcode=EX_OK
Jun 06 13:06:33 host=smtp.office365.com tls=on auth=on user=z5362216@ad.unsw.edu.au from=z5362216@ad.unsw.edu.au recipients=aayushbajaj7@gmail.com mailsize=262 smtpstatus=250 smtpmsg='250 2.0.0 OK <20220606030601.oivke2mmx625bxj4@abelard> [Hostname=SY2PR01MB2412.ausprd01.prod.outlook.com]' exitcode=EX_OK
Jun 07 20:03:10 host=smtp.gmail.com tls=on auth=on user=aayushbajaj7@gmail.com from=aayushbajaj7@gmail.com recipients=z5362216@ad.unsw.edu.au mailsize=280 smtpstatus=250 smtpmsg='250 2.0.0 OK  1654596189 128-20020a620686000000b00518b4cfbbe0sm12254595pfg.203 - gsmtp' exitcode=EX_OK
Jun 07 20:13:55 host=smtp.office365.com tls=on auth=on user=z5362216@ad.unsw.edu.au from=z5362216@ad.unsw.edu.au recipients=aayushbajaj7@gmail.com mailsize=270 smtpstatus=250 smtpmsg='250 2.0.0 OK <20220607101353.r6e5yxp33ivu7wvt@abelard> [Hostname=SY2PR01MB2412.ausprd01.prod.outlook.com]' exitcode=EX_OK
Jun 07 20:17:24 host=smtp.gmail.com tls=on auth=on user=aayushbajaj7@gmail.com from=aayushbajaj7@gmail.com recipients=z5362216@ad.unsw.edu.au mailsize=274 smtpstatus=250 smtpmsg='250 2.0.0 OK  1654597043 v11-20020a62a50b000000b0051ba97b788bsm12498819pfm.27 - gsmtp' exitcode=EX_OK
Jun 07 20:28:10 host=smtp.office365.com tls=on auth=on user=z5362216@ad.unsw.edu.au from=z5362216@ad.unsw.edu.au recipients=aayushbajaj7@gmail.com mailsize=269 smtpstatus=250 smtpmsg='250 2.0.0 OK <20220607102809.cxssrfaxzd3n2v4l@abelard> [Hostname=SY2PR01MB2412.ausprd01.prod.outlook.com]' exitcode=EX_OK
Jun 07 20:44:46 host=smtp.gmail.com tls=on auth=on user=aayushbajaj7@gmail.com from=aayushbajaj7@gmail.com recipients=z5362216@ad.unsw.edu.au mailsize=285 smtpstatus=250 smtpmsg='250 2.0.0 OK  1654598686 b19-20020a63d813000000b003f66a518e48sm12436511pgh.86 - gsmtp' exitcode=EX_OK
Jun 07 21:59:45 host=smtp.office365.com tls=on auth=on user=z5362216@ad.unsw.edu.au from=z5362216@ad.unsw.edu.au recipients=studentconduct@unsw.edu.au,aayush.bajaj@student.unsw.edu.au,aayushbajaj7@gmail.com,trackincrm@unsw.edu.au mailsize=7246 smtpstatus=250 smtpmsg='250 2.0.0 OK <20220607115930.b5sf56veshgar7qz@abelard> [Hostname=SY2PR01MB2412.ausprd01.prod.outlook.com]' exitcode=EX_OK
Jun 08 11:38:41 host=smtp.gmail.com tls=on auth=on user=aayushbajaj7@gmail.com from=aayushbajaj7@gmail.com recipients=studentconduct@unsw.edu.au,aayush.bajaj@student.unsw.edu.au,trackincrm@unsw.edu.au mailsize=8485 smtpstatus=250 smtpmsg='250 2.0.0 OK  1654652320 x28-20020a056a000bdc00b0051ba90d55acsm13514846pfu.207 - gsmtp' exitcode=EX_OK
Jun 08 12:22:30 host=smtp.office365.com tls=on auth=on user=z5362216@ad.unsw.edu.au from=z5362216@ad.unsw.edu.au recipients=aayushbajaj7@gmail.com mailsize=282 smtpstatus=250 smtpmsg='250 2.0.0 OK <20220608022229.g6ycfo6pf6g4bhyl@abelard> [Hostname=SY2PR01MB2412.ausprd01.prod.outlook.com]' exitcode=EX_OK
Jun 16 13:05:11 host=smtp.office365.com tls=on auth=on user=z5362216@ad.unsw.edu.au from=z5362216@ad.unsw.edu.au recipients=cs1521@cse.unsw.edu.au mailsize=754 smtpstatus=250 smtpmsg='250 2.0.0 OK <20220616030510.3yjxmifnppjdctjg@abelard> [Hostname=SY2PR01MB2412.ausprd01.prod.outlook.com]' exitcode=EX_OK
Jun 16 13:13:20 host=smtp.office365.com tls=on auth=on user=z5362216@ad.unsw.edu.au from=z5362216@ad.unsw.edu.au recipients=ug.mathsstats@unsw.edu.au mailsize=765 smtpstatus=250 smtpmsg='250 2.0.0 OK <20220616031319.e5366iecjxynuify@abelard> [Hostname=SY2PR01MB2412.ausprd01.prod.outlook.com]' exitcode=EX_OK
Jun 16 13:16:00 host=smtp.gmail.com tls=on auth=on user=aayushbajaj7@gmail.com from=aayushbajaj7@gmail.com recipients=president@nsu.org.au mailsize=404 smtpstatus=250 smtpmsg='250 2.0.0 OK  1655349360 bi16-20020a056a00311000b0050dc76281a4sm389345pfb.126 - gsmtp' exitcode=EX_OK
Jun 17 20:39:17 host=smtp.gmail.com tls=on auth=on user=aayushbajaj7@gmail.com from=aayushbajaj7@gmail.com recipients=krrishmaini@outlook.com mailsize=79365 smtpstatus=250 smtpmsg='250 2.0.0 OK  1655462356 p23-20020a1709027ed700b0015e8d4eb28fsm3216072plb.217 - gsmtp' exitcode=EX_OK
Jun 17 22:10:44 host=smtp.gmail.com tls=on auth=on user=aayushbajaj7@gmail.com from=aayushbajaj7@gmail.com recipients=hasanf@macstudent.com.au mailsize=286 smtpstatus=250 smtpmsg='250 2.0.0 OK  1655467843 j10-20020a17090a588a00b001e2f892b352sm5373668pji.45 - gsmtp' exitcode=EX_OK
Jun 17 22:12:54 host=smtp.gmail.com tls=on auth=on user=aayushbajaj7@gmail.com from=aayushbajaj7@gmail.com recipients=hasanf@macstudent.com.au mailsize=118549 smtpstatus=250 smtpmsg='250 2.0.0 OK  1655467974 jb11-20020a170903258b00b0015e8d4eb25bsm3384934plb.165 - gsmtp' exitcode=EX_OK
Jun 21 18:17:59 host=smtp.gmail.com tls=on auth=on user=aayushbajaj7@gmail.com from=aayushbajaj7@gmail.com recipients=leah@elevateeducation.com mailsize=1833 smtpstatus=250 smtpmsg='250 2.0.0 OK  1655799479 b14-20020a17090a8c8e00b001eab4b8383csm11969167pjo.5 - gsmtp' exitcode=EX_OK
Jun 21 20:11:44 host=smtp.gmail.com tls=on auth=on user=aayushbajaj7@gmail.com from=aayushbajaj7@gmail.com recipients=president@nsu.org.au mailsize=4835 smtpstatus=250 smtpmsg='250 2.0.0 OK  1655806304 p11-20020a170903248b00b00161ac982b52sm10284991plw.95 - gsmtp' exitcode=EX_OK
Jun 27 16:44:10 host=smtp.gmail.com tls=on auth=on user=aayushbajaj7@gmail.com from=aayushbajaj7@gmail.com recipients=thomas.economos13@gmail.com mailsize=231934 smtpstatus=250 smtpmsg='250 2.0.0 OK  1656312250 o10-20020a170902bcca00b0015e8d4eb26csm6298739pls.182 - gsmtp' exitcode=EX_OK
Jul 05 09:13:28 host=smtp.gmail.com tls=on auth=on user=aayushbajaj7@gmail.com from=aayushbajaj7@gmail.com recipients=aayushbajaj7@gmail.com mailsize=1684 smtpstatus=250 smtpmsg='250 2.0.0 OK  1656976408 bf7-20020a170902b90700b00165105518f6sm21758022plb.287 - gsmtp' exitcode=EX_OK
Jul 05 09:19:20 host=smtp.gmail.com tls=on auth=on user=aayushbajaj7@gmail.com from=aayushbajaj7@gmail.com recipients=aayushbajaj7@gmail.com mailsize=2084 smtpstatus=250 smtpmsg='250 2.0.0 OK  1656976760 22-20020aa79116000000b00527af57598fsm15209051pfh.43 - gsmtp' exitcode=EX_OK
Jul 05 11:59:35 host=smtp.gmail.com tls=on auth=on user=aayushbajaj7@gmail.com from=aayushbajaj7@gmail.com recipients=sahib003@outlook.com mailsize=25581 smtpstatus=250 smtpmsg='250 2.0.0 OK  1656986374 i5-20020a17090a138500b001ef87c5b7f4sm3136624pja.30 - gsmtp' exitcode=EX_OK
Jul 05 12:00:10 host=smtp.gmail.com tls=on auth=on user=aayushbajaj7@gmail.com from=aayushbajaj7@gmail.com recipients=mainirahul@outlook.com mailsize=25518 smtpstatus=250 smtpmsg='250 2.0.0 OK  1656986410 b11-20020a170902d50b00b0016bd58b5eddsm5539469plg.242 - gsmtp' exitcode=EX_OK
Jul 08 19:11:32 host=smtp.office365.com tls=on auth=on user=z5362216@ad.unsw.edu.au from=z5362216@ad.unsw.edu.au recipients=specialconsideration@unsw.edu.au errormsg='cannot locate host smtp.office365.com: nodename nor servname provided, or not known' exitcode=EX_NOHOST
Jul 08 19:11:46 host=smtp.office365.com tls=on auth=on user=z5362216@ad.unsw.edu.au from=z5362216@ad.unsw.edu.au recipients=specialconsideration@unsw.edu.au errormsg='cannot locate host smtp.office365.com: nodename nor servname provided, or not known' exitcode=EX_NOHOST
Jul 08 19:12:32 host=smtp.office365.com tls=on auth=on user=z5362216@ad.unsw.edu.au from=z5362216@ad.unsw.edu.au recipients=specialconsideration@unsw.edu.au errormsg='cannot locate host smtp.office365.com: nodename nor servname provided, or not known' exitcode=EX_NOHOST
Jul 08 19:12:56 host=smtp.office365.com tls=on auth=on user=z5362216@ad.unsw.edu.au from=z5362216@ad.unsw.edu.au recipients=specialconsideration@unsw.edu.au mailsize=115837 smtpstatus=250 smtpmsg='250 2.0.0 OK <20220708091131.7cotfwrh7lztjzbe@abelard> [Hostname=SY2PR01MB2412.ausprd01.prod.outlook.com]' exitcode=EX_OK
Jul 12 11:02:53 host=smtp.gmail.com tls=on auth=on user=aayushbajaj7@gmail.com from=aayushbajaj7@gmail.com recipients=manishbajaj123c@yahoo.com mailsize=696698 smtpstatus=250 smtpmsg='250 2.0.0 OK  1657587772 e16-20020aa798d0000000b005289bfcee91sm5402733pfm.59 - gsmtp' exitcode=EX_OK
Jul 12 11:04:02 host=smtp.gmail.com tls=on auth=on user=aayushbajaj7@gmail.com from=aayushbajaj7@gmail.com recipients=manishbajaj123c@yahoo.com mailsize=116185 smtpstatus=250 smtpmsg='250 2.0.0 OK  1657587841 fh17-20020a17090b035100b001ec932d7592sm5401276pjb.9 - gsmtp' exitcode=EX_OK
Jul 12 11:05:17 host=smtp.gmail.com tls=on auth=on user=aayushbajaj7@gmail.com from=aayushbajaj7@gmail.com recipients=nidhivijay@hotmail.com mailsize=40199 smtpstatus=250 smtpmsg='250 2.0.0 OK  1657587916 j6-20020a17090a3e0600b001ef86f71721sm7582894pjc.31 - gsmtp' exitcode=EX_OK
Jul 13 15:24:38 host=smtp.gmail.com tls=on auth=on user=aayushbajaj7@gmail.com from=aayushbajaj7@gmail.com recipients=fisher@connecteducation.com.au mailsize=686395 smtpstatus=250 smtpmsg='250 2.0.0 OK  1657689878 w12-20020a63f50c000000b0040d0a57be02sm7048229pgh.31 - gsmtp' exitcode=EX_OK
Jul 13 23:52:40 host=smtp.office365.com tls=on auth=on user=z5362216@ad.unsw.edu.au from=z5362216@ad.unsw.edu.au recipients=d.potapov@unsw.edu.au mailsize=599 smtpstatus=250 smtpmsg='250 2.0.0 OK <20220713135238.s3o7cg65ikiqo3gt@abelard> [Hostname=SY2PR01MB2412.ausprd01.prod.outlook.com]' exitcode=EX_OK
Jul 18 10:32:38 host=smtp.office365.com tls=on auth=on user=z5362216@ad.unsw.edu.au from=z5362216@ad.unsw.edu.au recipients=d.potapov@unsw.edu.au mailsize=623 smtpstatus=250 smtpmsg='250 2.0.0 OK <20220718003236.uiptwkrzwjis5qmy@abelard> [Hostname=SY2PR01MB2412.ausprd01.prod.outlook.com]' exitcode=EX_OK
Jul 18 10:40:57 host=smtp.office365.com tls=on auth=on user=z5362216@ad.unsw.edu.au from=z5362216@ad.unsw.edu.au recipients=specialconsideration@unsw.edu.au mailsize=116063 smtpstatus=250 smtpmsg='250 2.0.0 OK <20220718004056.vvny5tkqtvubjdrh@abelard> [Hostname=SY2PR01MB2412.ausprd01.prod.outlook.com]' exitcode=EX_OK
Jul 20 12:59:27 host=smtp.office365.com tls=on auth=on user=z5362216@ad.unsw.edu.au from=z5362216@ad.unsw.edu.au recipients=d.potapov@unsw.edu.au mailsize=9753378 smtpstatus=250 smtpmsg='250 2.0.0 OK <20220720025919.weivxksq37s2yhjs@abelard> [Hostname=SY2PR01MB2412.ausprd01.prod.outlook.com]' exitcode=EX_OK
Jul 29 18:59:20 host=smtp.gmail.com tls=on auth=on user=aayushbajaj7@gmail.com from=aayushbajaj7@gmail.com recipients=krrish.maini@education.nsw.gov.au mailsize=558 smtpstatus=250 smtpmsg='250 2.0.0 OK  1659085159 z10-20020a170903018a00b0016d8fc0f55esm3007475plg.2 - gsmtp' exitcode=EX_OK
Aug 19 09:18:44 host=smtp.gmail.com tls=on auth=on user=aayushbajaj7@gmail.com from=aayushbajaj7@gmail.com recipients=ermingtonvet@hotmail.com mailsize=512 smtpstatus=250 smtpmsg='250 2.0.0 OK  1660864724 e14-20020a17090301ce00b00171311470eesm1928133plh.8 - gsmtp' exitcode=EX_OK
Aug 23 10:12:50 host=smtp.office365.com tls=on auth=on user=z5362216@ad.unsw.edu.au from=z5362216@ad.unsw.edu.au recipients=paul.gwynne@unsw.edu.au mailsize=748 smtpstatus=250 smtpmsg='250 2.0.0 OK <20220823001249.ajz7fs4csrkisofa@abelard> [Hostname=SY2PR01MB2412.ausprd01.prod.outlook.com]' exitcode=EX_OK
Aug 25 07:55:54 host=smtp.office365.com tls=on auth=on user=z5362216@ad.unsw.edu.au from=z5362216@ad.unsw.edu.au recipients=ug.MathsStats@unsw.edu.au mailsize=563 smtpstatus=250 smtpmsg='250 2.0.0 OK <20220824215553.4xoplj6t5kwtolwp@abelard> [Hostname=SY2PR01MB2412.ausprd01.prod.outlook.com]' exitcode=EX_OK
Aug 25 08:05:36 host=smtp.office365.com tls=on auth=on user=z5362216@ad.unsw.edu.au from=z5362216@ad.unsw.edu.au recipients=paul.gwynne@unsw.edu.au mailsize=4042 smtpstatus=250 smtpmsg='250 2.0.0 OK <20220824220535.xe3zz776rbbjxy2q@abelard> [Hostname=SY2PR01MB2412.ausprd01.prod.outlook.com]' exitcode=EX_OK
Sep 01 12:45:22 host=smtp.gmail.com tls=on auth=on user=aayushbajaj7@gmail.com from=aayushbajaj7@gmail.com recipients=annette.emms@syd.catholic.edu.au mailsize=430573 smtpstatus=250 smtpmsg='250 2.0.0 OK  1662000321 q13-20020a17090a7a8d00b001f216407204sm233732pjf.36 - gsmtp' exitcode=EX_OK
Sep 01 12:46:49 host=smtp.gmail.com tls=on auth=on user=aayushbajaj7@gmail.com from=aayushbajaj7@gmail.com recipients=annette.emms@syd.catholic.edu.au mailsize=4688197 smtpstatus=250 smtpmsg='250 2.0.0 OK  1662000409 q15-20020a17090311cf00b0016eede528b4sm12496743plh.61 - gsmtp' exitcode=EX_OK
Sep 02 08:26:52 host=smtp.gmail.com tls=on auth=on user=aayushbajaj7@gmail.com from=aayushbajaj7@gmail.com recipients=katherine.glover@uts.edu.au mailsize=4405130 smtpstatus=250 smtpmsg='250 2.0.0 OK  1662071212 o125-20020a62cd83000000b005371c5859d6sm113045pfg.60 - gsmtp' exitcode=EX_OK
Sep 02 08:33:08 host=smtp.gmail.com tls=on auth=on user=aayushbajaj7@gmail.com from=aayushbajaj7@gmail.com recipients=kathryn.glover@uts.edu.au mailsize=4405135 smtpstatus=250 smtpmsg='250 2.0.0 OK  1662071588 z14-20020a655a4e000000b0041d9e78de05sm26945pgs.73 - gsmtp' exitcode=EX_OK
Sep 02 16:09:07 host=smtp.gmail.com tls=on auth=on user=aayushbajaj7@gmail.com from=aayushbajaj7@gmail.com recipients=aayushbajaj7@gmail.com mailsize=4680316 smtpstatus=250 smtpmsg='250 2.0.0 OK  1662098946 p3-20020a170902780300b0016f154c8910sm540840pll.204 - gsmtp' exitcode=EX_OK
Sep 05 16:23:03 host=smtp.gmail.com tls=on auth=on user=aayushbajaj7@gmail.com from=aayushbajaj7@gmail.com recipients=krrishmaini@outlook.com mailsize=122562 smtpstatus=250 smtpmsg='250 2.0.0 OK  1662358982 b9-20020a170902d50900b0016c0b0fe1c6sm6505519plg.73 - gsmtp' exitcode=EX_OK
Sep 06 08:07:47 host=smtp.gmail.com tls=on auth=on user=aayushbajaj7@gmail.com from=aayushbajaj7@gmail.com recipients=krrishmaini@outlook.com mailsize=144650 smtpstatus=250 smtpmsg='250 2.0.0 OK  1662415667 e7-20020a17090ab38700b001f1acb6c3ebsm7201417pjr.34 - gsmtp' exitcode=EX_OK
Sep 06 08:10:26 host=smtp.gmail.com tls=on auth=on user=aayushbajaj7@gmail.com from=aayushbajaj7@gmail.com recipients=krrishmaini@outlook.com mailsize=152631 smtpstatus=250 smtpmsg='250 2.0.0 OK  1662415825 h3-20020a170902680300b0017305e99f00sm8060257plk.107 - gsmtp' exitcode=EX_OK
Sep 07 11:20:11 host=smtp.gmail.com tls=on auth=on user=aayushbajaj7@gmail.com from=aayushbajaj7@gmail.com recipients=aufinance@elevateeducation.com mailsize=22381 smtpstatus=250 smtpmsg='250 2.0.0 OK  1662513611 a16-20020a621a10000000b00537a6b81bb7sm11276116pfa.148 - gsmtp' exitcode=EX_OK
Sep 07 11:48:44 host=smtp.gmail.com tls=on auth=on user=aayushbajaj7@gmail.com from=aayushbajaj7@gmail.com recipients=aayushbajaj7@gmail.com mailsize=282 smtpstatus=250 smtpmsg='250 2.0.0 OK  1662515324 n6-20020a170903110600b0016be834d54asm10770842plh.306 - gsmtp' exitcode=EX_OK
Sep 09 06:49:51 host=smtp.gmail.com tls=on auth=on user=aayushbajaj7@gmail.com from=aayushbajaj7@gmail.com recipients=gongultimate@gmail.com mailsize=1861 smtpstatus=250 smtpmsg='250 2.0.0 OK  1662670191 w23-20020a17090a8a1700b001fd7fe7d369sm2184025pjn.54 - gsmtp' exitcode=EX_OK
Sep 12 12:10:20 host=smtp.office365.com tls=on auth=on user=z5362216@ad.unsw.edu.au from=z5362216@ad.unsw.edu.au recipients=d.potapov@unsw.edu.au mailsize=502 smtpstatus=250 smtpmsg='250 2.0.0 OK <20220912021019.tsoep5fc3sctcze4@abelard> [Hostname=SY2PR01MB2412.ausprd01.prod.outlook.com]' exitcode=EX_OK
Sep 12 12:19:07 host=smtp.gmail.com tls=on auth=on user=aayushbajaj7@gmail.com from=aayushbajaj7@gmail.com recipients=gongultimate@gmail.com mailsize=2562 smtpstatus=250 smtpmsg='250 2.0.0 OK  1662949147 q9-20020aa79829000000b00537fb1f9f25sm3973670pfl.110 - gsmtp' exitcode=EX_OK
Sep 12 12:31:48 host=smtp.gmail.com tls=on auth=on user=aayushbajaj7@gmail.com from=aayushbajaj7@gmail.com recipients=aufinance@elevateeducation.com mailsize=24059 smtpstatus=250 smtpmsg='250 2.0.0 OK  1662949908 z12-20020a170903018c00b00176d4b093e1sm4635544plg.16 - gsmtp' exitcode=EX_OK
Sep 12 13:12:43 host=smtp.gmail.com tls=on auth=on user=aayushbajaj7@gmail.com from=aayushbajaj7@gmail.com recipients=aufinance@elevateeducation.com mailsize=35945 smtpstatus=250 smtpmsg='250 2.0.0 OK  1662952363 z15-20020a17090a66cf00b0020061adf86asm3971433pjl.56 - gsmtp' exitcode=EX_OK
Sep 13 08:27:00 host=smtp.office365.com tls=on auth=on user=z5362216@ad.unsw.edu.au from=z5362216@ad.unsw.edu.au recipients=d.potapov@unsw.edu.au mailsize=1134 smtpstatus=250 smtpmsg='250 2.0.0 OK <20220912222659.tkfchoqsfv5ritad@abelard> [Hostname=SY2PR01MB2412.ausprd01.prod.outlook.com]' exitcode=EX_OK
Sep 15 07:21:44 host=smtp.office365.com tls=on auth=on user=z5362216@ad.unsw.edu.au from=z5362216@ad.unsw.edu.au recipients=paul.gwynne@unsw.edu.au mailsize=446 smtpstatus=250 smtpmsg='250 2.0.0 OK <20220914212143.jkq4f6lufvrnsm3d@abelard> [Hostname=SY2PR01MB2412.ausprd01.prod.outlook.com]' exitcode=EX_OK
Sep 15 08:29:12 host=smtp.office365.com tls=on auth=on user=z5362216@ad.unsw.edu.au from=z5362216@ad.unsw.edu.au recipients=paul.gwynne@unsw.edu.au mailsize=2392 smtpstatus=250 smtpmsg='250 2.0.0 OK <20220914222910.3lrbkeyb54magofp@abelard> [Hostname=SY2PR01MB2412.ausprd01.prod.outlook.com]' exitcode=EX_OK
Sep 15 11:20:42 host=smtp.office365.com tls=on auth=on user=z5362216@ad.unsw.edu.au from=z5362216@ad.unsw.edu.au recipients=chloe.cheong@student.unsw.edu.au,y.khaokaew@unsw.edu.au mailsize=372 smtpstatus=250 smtpmsg='250 2.0.0 OK <20220915012023.fyufs7aeqvlapf4z@abelard> [Hostname=SY2PR01MB2412.ausprd01.prod.outlook.com]' exitcode=EX_OK
Sep 16 09:00:12 host=smtp.office365.com tls=on auth=on user=z5362216@ad.unsw.edu.au from=z5362216@ad.unsw.edu.au recipients=paul.gwynne@unsw.edu.au mailsize=168509 smtpstatus=250 smtpmsg='250 2.0.0 OK <20220915230010.lci4xdljbbvshxff@abelard> [Hostname=ME2PR01MB2402.ausprd01.prod.outlook.com]' exitcode=EX_OK
Sep 16 09:23:20 host=smtp.office365.com tls=on auth=on user=z5362216@ad.unsw.edu.au from=z5362216@ad.unsw.edu.au recipients=paul.gwynne@unsw.edu.au mailsize=168691 smtpstatus=250 smtpmsg='250 2.0.0 OK <20220915232319.gxn3y47raid3h2hf@abelard> [Hostname=ME2PR01MB2402.ausprd01.prod.outlook.com]' exitcode=EX_OK
Sep 16 10:58:23 host=smtp.office365.com tls=on auth=on user=z5362216@ad.unsw.edu.au from=z5362216@ad.unsw.edu.au recipients=paul.gwynne@unsw.edu.au mailsize=515 smtpstatus=250 smtpmsg='250 2.0.0 OK <20220916005822.fhyhyi3i5qhamziw@abelard> [Hostname=ME2PR01MB2402.ausprd01.prod.outlook.com]' exitcode=EX_OK
Sep 18 07:06:33 host=smtp.gmail.com tls=on auth=on user=aayushbajaj7@gmail.com from=aayushbajaj7@gmail.com recipients=awoo5332@gmail.com mailsize=61718 smtpstatus=250 smtpmsg='250 2.0.0 OK  1663448793 a3-20020a656403000000b0042b291a89bfsm15595264pgv.11 - gsmtp' exitcode=EX_OK
Sep 19 14:27:14 host=smtp.gmail.com tls=on auth=on user=aayushbajaj7@gmail.com from=aayushbajaj7@gmail.com recipients=officeworks@printme.com mailsize=1153081 smtpstatus=250 smtpmsg='250 2.0.0 OK  1663561635 l5-20020a170903244500b00177f32b1a32sm19297624pls.271 - gsmtp' exitcode=EX_OK
Sep 19 14:28:16 host=smtp.gmail.com tls=on auth=on user=aayushbajaj7@gmail.com from=aayushbajaj7@gmail.com recipients=aayushbajaj7@gmail.com mailsize=23123 smtpstatus=250 smtpmsg='250 2.0.0 OK  1663561697 q13-20020a170902a3cd00b00176d218889esm19207088plb.228 - gsmtp' exitcode=EX_OK
Sep 24 20:51:51 host=smtp.gmail.com tls=on auth=on user=aayushbajaj7@gmail.com from=aayushbajaj7@gmail.com recipients=sahib003@outlook.com mailsize=95919 smtpstatus=250 smtpmsg='250 2.0.0 OK  1664016710 c8-20020a170902d48800b00174be817124sm7569929plg.221 - gsmtp' exitcode=EX_OK
Sep 27 11:24:03 host=smtp.gmail.com tls=on auth=on user=aayushbajaj7@gmail.com from=aayushbajaj7@gmail.com recipients=aufinance@elevateeducation.com mailsize=5529 smtpstatus=250 smtpmsg='250 2.0.0 OK  1664241843 c27-20020aa7953b000000b00538056de6ecsm177474pfp.52 - gsmtp' exitcode=EX_OK
Sep 29 08:26:04 host=smtp.gmail.com tls=on auth=on user=aayushbajaj7@gmail.com from=aayushbajaj7@gmail.com recipients=usij.gnos@gmail.com mailsize=430491 smtpstatus=250 smtpmsg='250 2.0.0 OK  1664403964 5-20020a621605000000b00553b37c7732sm4479664pfw.105 - gsmtp' exitcode=EX_OK
Sep 29 09:40:51 host=smtp.gmail.com tls=on auth=on user=aayushbajaj7@gmail.com from=aayushbajaj7@gmail.com recipients=officeworks@printme.com mailsize=8428365 smtpstatus=250 smtpmsg='250 2.0.0 OK  1664408450 x186-20020a6231c3000000b0055acb3268a1sm670214pfx.210 - gsmtp' exitcode=EX_OK
Sep 29 11:06:07 host=smtp.gmail.com tls=on auth=on user=aayushbajaj7@gmail.com from=aayushbajaj7@gmail.com recipients=officeworks@printme.com mailsize=5235733 smtpstatus=250 smtpmsg='250 2.0.0 OK  1664413567 b14-20020aa7950e000000b00545b91e78d3sm4603344pfp.89 - gsmtp' exitcode=EX_OK
Sep 29 14:39:47 host=smtp.gmail.com tls=on auth=on user=aayushbajaj7@gmail.com from=aayushbajaj7@gmail.com recipients=usij.gnos@gmail.com mailsize=96260 smtpstatus=250 smtpmsg='250 2.0.0 OK  1664426387 c27-20020aa7953b000000b00538056de6ecsm4895349pfp.52 - gsmtp' exitcode=EX_OK
Sep 30 12:14:59 host=smtp.gmail.com tls=on auth=on user=aayushbajaj7@gmail.com from=aayushbajaj7@gmail.com recipients=officeworks@printme.com mailsize=12678992 smtpstatus=250 smtpmsg='250 2.0.0 OK  1664504098 i13-20020a170902cf0d00b001784a45511asm596424plg.79 - gsmtp' exitcode=EX_OK
Sep 30 12:23:27 host=smtp.gmail.com tls=on auth=on user=aayushbajaj7@gmail.com from=aayushbajaj7@gmail.com recipients=mainirahul@outlook.com mailsize=96119 smtpstatus=250 smtpmsg='250 2.0.0 OK  1664504607 q5-20020a17090a4f8500b001fbb0f0b00fsm4209885pjh.35 - gsmtp' exitcode=EX_OK
Oct 01 06:39:42 host=smtp.gmail.com tls=on auth=on user=aayushbajaj7@gmail.com from=aayushbajaj7@gmail.com recipients=usij.gnos@gmail.com mailsize=96263 smtpstatus=250 smtpmsg='250 2.0.0 OK  1664570382 w18-20020a170902a71200b00172cb8b97a8sm2345140plq.5 - gsmtp' exitcode=EX_OK
Oct 01 16:11:18 host=smtp.gmail.com tls=on auth=on user=aayushbajaj7@gmail.com from=aayushbajaj7@gmail.com recipients=usij.gnos@gmail.com mailsize=96515 smtpstatus=250 smtpmsg='250 2.0.0 OK  1664604677 t18-20020a170902e85200b0017684444f57sm2924055plg.224 - gsmtp' exitcode=EX_OK
Oct 02 09:22:42 host=smtp.gmail.com tls=on auth=on user=aayushbajaj7@gmail.com from=aayushbajaj7@gmail.com recipients=usij.gnos@gmail.com mailsize=305 smtpstatus=250 smtpmsg='250 2.0.0 OK  1664662962 f6-20020aa79d86000000b0053e2b61b714sm509741pfq.114 - gsmtp' exitcode=EX_OK
Oct 02 10:33:33 host=smtp.gmail.com tls=on auth=on user=aayushbajaj7@gmail.com from=aayushbajaj7@gmail.com recipients=usij.gnos@gmail.com mailsize=314 smtpstatus=250 smtpmsg='250 2.0.0 OK  1664667213 186-20020a6219c3000000b0056082e13cacsm673096pfz.138 - gsmtp' exitcode=EX_OK
Oct 06 07:12:49 host=smtp.gmail.com tls=on auth=on user=aayushbajaj7@gmail.com from=aayushbajaj7@gmail.com recipients=aaravbajaj08@gmail.com mailsize=1505 smtpstatus=250 smtpmsg='250 2.0.0 OK  1665000769 d13-20020a170903230d00b00172d0c7edf4sm10934547plh.106 - gsmtp' exitcode=EX_OK
Oct 12 12:43:13 host=smtp.gmail.com tls=on auth=on user=aayushbajaj7@gmail.com from=aayushbajaj7@gmail.com recipients=kelly.je.kim@gmail.com mailsize=95338 smtpstatus=250 smtpmsg='250 2.0.0 OK  1665538993 w65-20020a626244000000b00562235244c0sm9674823pfb.6 - gsmtp' exitcode=EX_OK
Oct 20 09:42:24 host=smtp.gmail.com tls=on auth=on user=aayushbajaj7@gmail.com from=aayushbajaj7@gmail.com recipients=dan.rule@afda.com.au mailsize=1040 smtpstatus=250 smtpmsg='250 2.0.0 OK  1666219343 138-20020a621490000000b00563b31c9e0csm11834719pfu.34 - gsmtp' exitcode=EX_OK
Oct 20 09:51:48 host=smtp.gmail.com tls=on auth=on user=aayushbajaj7@gmail.com from=aayushbajaj7@gmail.com recipients=benjamin.jarrah@gmail.com mailsize=400 smtpstatus=250 smtpmsg='250 2.0.0 OK  1666219907 u125-20020a627983000000b005615c8a660csm11824718pfc.65 - gsmtp' exitcode=EX_OK
Oct 20 09:55:13 host=smtp.gmail.com tls=on auth=on user=aayushbajaj7@gmail.com from=aayushbajaj7@gmail.com recipients=violet.harvey@yahoo.com mailsize=959 smtpstatus=250 smtpmsg='250 2.0.0 OK  1666220113 v3-20020a170902e8c300b00176b3d7db49sm11245168plg.0 - gsmtp' exitcode=EX_OK
Oct 20 15:01:18 host=smtp.gmail.com tls=on auth=on user=aayushbajaj7@gmail.com from=aayushbajaj7@gmail.com recipients=officeworks@printme.com mailsize=1799417 smtpstatus=250 smtpmsg='250 2.0.0 OK  1666238477 p3-20020a170903248300b00176d218889esm11463680plw.228 - gsmtp' exitcode=EX_OK
Oct 21 09:58:29 host=smtp.gmail.com tls=on auth=on user=aayushbajaj7@gmail.com from=aayushbajaj7@gmail.com recipients=officeworks@printme.com mailsize=6886761 smtpstatus=250 smtpmsg='250 2.0.0 OK  1666306709 x3-20020a170902ec8300b00178143a728esm13445221plg.275 - gsmtp' exitcode=EX_OK
Oct 21 10:34:33 host=smtp.gmail.com tls=on auth=on user=aayushbajaj7@gmail.com from=aayushbajaj7@gmail.com recipients=officeworks@printme.com mailsize=78532 smtpstatus=250 smtpmsg='250 2.0.0 OK  1666308873 ix6-20020a170902f80600b0017691eb7e17sm13302127plb.239 - gsmtp' exitcode=EX_OK
Oct 21 12:30:03 host=smtp.gmail.com tls=on auth=on user=aayushbajaj7@gmail.com from=aayushbajaj7@gmail.com recipients=kyaljoh@gmail.com,thorpos09@gmail.com,dani.m.alexander@gmail.com mailsize=701 smtpstatus=250 smtpmsg='250 2.0.0 OK  1666315803 d4-20020a631d04000000b00460d89df1f1sm12165794pgd.57 - gsmtp' exitcode=EX_OK
Oct 24 16:54:39 host=smtp.office365.com tls=on auth=on user=z5362216@ad.unsw.edu.au from=z5362216@ad.unsw.edu.au recipients=sean.gardiner@unsw.edu.au mailsize=102903 smtpstatus=250 smtpmsg='250 2.0.0 OK <20221024055437.hulswu4u6edpxisu@abelard> [Hostname=SY2PR01MB2412.ausprd01.prod.outlook.com]' exitcode=EX_OK
Oct 26 11:56:01 host=smtp.office365.com tls=on auth=on user=z5362216@ad.unsw.edu.au from=z5362216@ad.unsw.edu.au recipients=sean.gardiner@unsw.edu.au mailsize=2121 smtpstatus=250 smtpmsg='250 2.0.0 OK <20221026005559.rdbhvqfx6f5nqwdu@abelard> [Hostname=SY2PR01MB2412.ausprd01.prod.outlook.com]' exitcode=EX_OK
Oct 26 11:58:22 host=smtp.gmail.com tls=on auth=on user=aayushbajaj7@gmail.com from=aayushbajaj7@gmail.com recipients=benjamin.jarrah@gmail.com mailsize=1227 smtpstatus=250 smtpmsg='250 2.0.0 OK  1666745901 v7-20020a1709028d8700b00174f61a7d09sm1743286plo.247 - gsmtp' exitcode=EX_OK
Oct 27 08:05:23 host=smtp.gmail.com tls=on auth=on user=aayushbajaj7@gmail.com from=aayushbajaj7@gmail.com recipients=officeworks@printme.com mailsize=5345795 smtpstatus=250 smtpmsg='250 2.0.0 OK  1666818323 m3-20020a63fd43000000b004393c5a8006sm3239169pgj.75 - gsmtp' exitcode=EX_OK
Oct 27 08:06:08 host=smtp.gmail.com tls=on auth=on user=aayushbajaj7@gmail.com from=aayushbajaj7@gmail.com recipients=aaravbajaj08@gmail.com mailsize=6262 smtpstatus=250 smtpmsg='250 2.0.0 OK  1666818368 nv10-20020a17090b1b4a00b0020ad86f4c54sm1528019pjb.16 - gsmtp' exitcode=EX_OK
Nov 01 12:58:59 host=smtp.gmail.com tls=on auth=on user=aayushbajaj7@gmail.com from=aayushbajaj7@gmail.com recipients=officeworks@printme.com mailsize=3711987 smtpstatus=250 smtpmsg='250 2.0.0 OK  1667267939 c17-20020a631c51000000b0046f56534d9fsm4817803pgm.21 - gsmtp' exitcode=EX_OK
Nov 07 15:04:32 host=smtp.gmail.com tls=on auth=on user=aayushbajaj7@gmail.com from=aayushbajaj7@gmail.com recipients=westryde@officeworks.com.au mailsize=4753154 smtpstatus=250 smtpmsg='250 2.0.0 OK  1667793872 ik23-20020a170902ab1700b001769e6d4fafsm3828455plb.57 - gsmtp' exitcode=EX_OK
Nov 07 15:06:04 host=smtp.gmail.com tls=on auth=on user=aayushbajaj7@gmail.com from=aayushbajaj7@gmail.com recipients=westryde@officeworks.com.au mailsize=1265564 smtpstatus=250 smtpmsg='250 2.0.0 OK  1667793964 l14-20020a170903120e00b0016be834d54asm3829071plh.306 - gsmtp' exitcode=EX_OK
Nov 09 10:17:14 host=smtp.office365.com tls=on auth=on user=z5362216@ad.unsw.edu.au from=z5362216@ad.unsw.edu.au recipients=n.patrikeos@unsw.edu.au,chloe.cheong@student.unsw.edu.au smtpstatus=535 smtpmsg='535 5.7.139 Authentication unsuccessful, the request did not meet the criteria to be authenticated successfully. Contact your administrator. [SYYP282CA0002.AUSP282.PROD.OUTLOOK.COM]' errormsg='authentication failed (method LOGIN)' exitcode=EX_NOPERM
Nov 09 10:17:41 host=smtp.office365.com tls=on auth=on user=z5362216@ad.unsw.edu.au from=z5362216@ad.unsw.edu.au recipients=n.patrikeos@unsw.edu.au,chloe.cheong@student.unsw.edu.au smtpstatus=535 smtpmsg='535 5.7.139 Authentication unsuccessful, the request did not meet the criteria to be authenticated successfully. Contact your administrator. [SY6PR01CA0061.ausprd01.prod.outlook.com]' errormsg='authentication failed (method LOGIN)' exitcode=EX_NOPERM
Nov 09 10:19:59 host=smtp.office365.com tls=on auth=on user=z5362216@ad.unsw.edu.au from=z5362216@ad.unsw.edu.au recipients=n.patrikeos@unsw.edu.au,chloe.cheong@student.unsw.edu.au smtpstatus=535 smtpmsg='535 5.7.139 Authentication unsuccessful, the request did not meet the criteria to be authenticated successfully. Contact your administrator. [SY6PR01CA0065.ausprd01.prod.outlook.com]' errormsg='authentication failed (method LOGIN)' exitcode=EX_NOPERM
Nov 09 10:27:29 host=smtp.office365.com tls=on auth=on user=z5362216@ad.unsw.edu.au from=z5362216@ad.unsw.edu.au recipients=n.patrikeos@unsw.edu.au,chloe.cheong@student.unsw.edu.au smtpstatus=535 smtpmsg='535 5.7.139 Authentication unsuccessful, the request did not meet the criteria to be authenticated successfully. Contact your administrator. [SY4P282CA0016.AUSP282.PROD.OUTLOOK.COM]' errormsg='authentication failed (method LOGIN)' exitcode=EX_NOPERM
Nov 09 10:33:50 host=smtp.office365.com tls=on auth=on user=z5362216@ad.unsw.edu.au from=z5362216@ad.unsw.edu.au recipients=n.patrikeos@unsw.edu.au,chloe.cheong@student.unsw.edu.au smtpstatus=535 smtpmsg='535 5.7.139 Authentication unsuccessful, the request did not meet the criteria to be authenticated successfully. Contact your administrator. [SY6PR01CA0065.ausprd01.prod.outlook.com]' errormsg='authentication failed (method LOGIN)' exitcode=EX_NOPERM
Nov 09 10:49:17 host=smtp.office365.com tls=on auth=on user=z5362216@ad.unsw.edu.au from=z5362216@ad.unsw.edu.au recipients=n.patrikeos@unsw.edu.au,chloe.cheong@student.unsw.edu.au smtpstatus=535 smtpmsg='535 5.7.139 Authentication unsuccessful, the request did not meet the criteria to be authenticated successfully. Contact your administrator. [SY6PR01CA0162.ausprd01.prod.outlook.com]' errormsg='authentication failed (method LOGIN)' exitcode=EX_NOPERM
Nov 09 10:51:38 host=smtp.office365.com tls=on auth=on user=z5362216@ad.unsw.edu.au from=z5362216@ad.unsw.edu.au recipients=n.patrikeos@unsw.edu.au,chloe.cheong@student.unsw.edu.au smtpstatus=535 smtpmsg='535 5.7.139 Authentication unsuccessful, the request did not meet the criteria to be authenticated successfully. Contact your administrator. [SYBPR01CA0032.ausprd01.prod.outlook.com]' errormsg='authentication failed (method LOGIN)' exitcode=EX_NOPERM
Nov 10 08:59:41 host=smtp.gmail.com tls=on auth=on user=aayushbajaj7@gmail.com from=aayushbajaj7@gmail.com recipients=officeworks@printme.com mailsize=8545598 smtpstatus=250 smtpmsg='250 2.0.0 OK  1668031181 p8-20020a1709027ec800b0018703bf3ec9sm9527817plb.61 - gsmtp' exitcode=EX_OK
Nov 10 09:01:53 host=smtp.gmail.com tls=on auth=on user=aayushbajaj7@gmail.com from=aayushbajaj7@gmail.com recipients=officeworks@printme.com mailsize=6523195 smtpstatus=250 smtpmsg='250 2.0.0 OK  1668031312 l16-20020a170903245000b001885041d7b8sm9617918pls.293 - gsmtp' exitcode=EX_OK
Nov 10 09:04:27 host=smtp.gmail.com tls=on auth=on user=aayushbajaj7@gmail.com from=aayushbajaj7@gmail.com recipients=westryde@officeworks.com.au mailsize=6524138 smtpstatus=250 smtpmsg='250 2.0.0 OK  1668031467 y188-20020a6232c5000000b0056ded8d5918sm8714290pfy.134 - gsmtp' exitcode=EX_OK
Nov 14 09:15:33 host=smtp.gmail.com tls=on auth=on user=aayushbajaj7@gmail.com from=aayushbajaj7@gmail.com recipients=usij.gnos@gmail.com mailsize=413 smtpstatus=250 smtpmsg='250 2.0.0 OK  1668377733 e13-20020a17090ab38d00b0021806f631ccsm5031363pjr.30 - gsmtp' exitcode=EX_OK
Nov 14 10:03:43 host=smtp.gmail.com tls=on auth=on user=aayushbajaj7@gmail.com from=aayushbajaj7@gmail.com recipients=aayushbajaj7@gmail.com mailsize=225670 smtpstatus=250 smtpmsg='250 2.0.0 OK  1668380623 w13-20020a627b0d000000b0056ee49d6e95sm5189367pfc.86 - gsmtp' exitcode=EX_OK
Nov 15 18:27:42 host=smtp.gmail.com tls=on auth=on user=aayushbajaj7@gmail.com from=aayushbajaj7@gmail.com recipients=usij.gnos@gmail.com mailsize=113706 smtpstatus=250 smtpmsg='250 2.0.0 OK  1668497261 e6-20020a170902784600b001869ba04c83sm8863325pln.245 - gsmtp' exitcode=EX_OK
Nov 22 17:52:21 host=smtp.gmail.com tls=on auth=on user=aayushbajaj7@gmail.com from=aayushbajaj7@gmail.com recipients=usij.gnos@gmail.com mailsize=336 smtpstatus=250 smtpmsg='250 2.0.0 OK  1669099940 y129-20020a62ce87000000b0056bd737fdf3sm9834291pfg.123 - gsmtp' exitcode=EX_OK
Nov 22 18:09:13 host=smtp.gmail.com tls=on auth=on user=aayushbajaj7@gmail.com from=aayushbajaj7@gmail.com recipients=usij.gnos@gmail.com mailsize=125189 smtpstatus=250 smtpmsg='250 2.0.0 OK  1669100953 fu22-20020a17090ad19600b00218a7808ec9sm4147831pjb.8 - gsmtp' exitcode=EX_OK
Nov 22 19:06:29 host=smtp.gmail.com tls=on auth=on user=aayushbajaj7@gmail.com from=aayushbajaj7@gmail.com recipients=krrishmaini@outlook.com mailsize=115384 smtpstatus=250 smtpmsg='250 2.0.0 OK  1669104389 b8-20020aa78ec8000000b005627ddbc7a4sm9974717pfr.191 - gsmtp' exitcode=EX_OK
Nov 24 18:05:49 host=smtp.gmail.com tls=on auth=on user=aayushbajaj7@gmail.com from=aayushbajaj7@gmail.com recipients=usij.gnos@gmail.com mailsize=177542 smtpstatus=250 smtpmsg='250 2.0.0 OK  1669273549 d6-20020a170902654600b00188fcc4fc00sm433422pln.79 - gsmtp' exitcode=EX_OK
Nov 26 10:17:06 host=smtp.gmail.com tls=on auth=on user=aayushbajaj7@gmail.com from=aayushbajaj7@gmail.com recipients=westryde@officeworks.com.au mailsize=2435923 smtpstatus=250 smtpmsg='250 2.0.0 OK  1669418225 k1-20020a170902c40100b0016d9b101413sm3942362plk.200 - gsmtp' exitcode=EX_OK
Nov 28 18:55:10 host=smtp.gmail.com tls=on auth=on user=aayushbajaj7@gmail.com from=aayushbajaj7@gmail.com recipients=usij.gnos@gmail.com mailsize=90171 smtpstatus=250 smtpmsg='250 2.0.0 OK  1669622110 b5-20020a170902650500b0018869119e37sm8080880plk.142 - gsmtp' exitcode=EX_OK
Nov 28 19:26:08 host=smtp.gmail.com tls=on auth=on user=aayushbajaj7@gmail.com from=aayushbajaj7@gmail.com recipients=manavnagra13@gmail.com mailsize=92555 smtpstatus=250 smtpmsg='250 2.0.0 OK  1669623967 a16-20020aa79710000000b0056d73ef41fdsm7434231pfg.75 - gsmtp' exitcode=EX_OK
Dec 01 11:35:50 host=smtp.gmail.com tls=on auth=on user=aayushbajaj7@gmail.com from=aayushbajaj7@gmail.com recipients=krrishmaini@outlook.com mailsize=48070 smtpstatus=250 smtpmsg='250 2.0.0 OK  1669854949 q24-20020aa79618000000b0056e8ce106d1sm1946626pfg.132 - gsmtp' exitcode=EX_OK
Dec 03 20:00:12 host=smtp.gmail.com tls=on auth=on user=aayushbajaj7@gmail.com from=aayushbajaj7@gmail.com recipients=usij.gnos@gmail.com mailsize=42315 smtpstatus=250 smtpmsg='250 2.0.0 OK  1670058011 ft5-20020a17090b0f8500b0020a11217682sm5936263pjb.27 - gsmtp' exitcode=EX_OK
Dec 04 09:19:58 host=smtp.gmail.com tls=on auth=on user=aayushbajaj7@gmail.com from=aayushbajaj7@gmail.com recipients=usij.gnos@gmail.com mailsize=14581505 smtpstatus=250 smtpmsg='250 2.0.0 OK  1670105998 h7-20020a170902f7c700b00186da904da0sm7829553plw.154 - gsmtp' exitcode=EX_OK
Dec 06 13:31:52 host=smtp.gmail.com tls=on auth=on user=aayushbajaj7@gmail.com from=aayushbajaj7@gmail.com recipients=michtamaro@gmail.com mailsize=381926 smtpstatus=250 smtpmsg='250 2.0.0 OK  1670293911 d15-20020a17090a564f00b001ef8ab65052sm9736560pji.11 - gsmtp' exitcode=EX_OK
Dec 13 17:59:48 host=smtp.gmail.com tls=on auth=on user=aayushbajaj7@gmail.com from=aayushbajaj7@gmail.com recipients=kelly.je.kim@gmail.com mailsize=31164 smtpstatus=250 smtpmsg='250 2.0.0 OK  1670914788 r2-20020a17090a454200b00218fa115f83sm6384130pjm.57 - gsmtp' exitcode=EX_OK
Dec 13 18:01:44 host=smtp.gmail.com tls=on auth=on user=aayushbajaj7@gmail.com from=aayushbajaj7@gmail.com recipients=mainirahul@outlook.com mailsize=31233 smtpstatus=250 smtpmsg='250 2.0.0 OK  1670914904 c8-20020a170903234800b00186dcc37e17sm7645390plh.210 - gsmtp' exitcode=EX_OK
Dec 13 18:07:56 host=smtp.gmail.com tls=on auth=on user=aayushbajaj7@gmail.com from=aayushbajaj7@gmail.com recipients=Sahib003@outlook.com mailsize=31483 smtpstatus=250 smtpmsg='250 2.0.0 OK  1670915276 f12-20020a170902684c00b00189ed861791sm7631663pln.266 - gsmtp' exitcode=EX_OK
Dec 19 14:54:36 host=smtp.gmail.com tls=on auth=on user=aayushbajaj7@gmail.com from=aayushbajaj7@gmail.com recipients=westryde@officeworks.com.au mailsize=9605868 smtpstatus=250 smtpmsg='250 2.0.0 OK  1671422075 ei11-20020a17090ae54b00b00219e38b42f5sm4866425pjb.26 - gsmtp' exitcode=EX_OK
Dec 20 13:07:24 host=smtp.gmail.com tls=on auth=on user=aayushbajaj7@gmail.com from=aayushbajaj7@gmail.com recipients=manishbajaj123c@yahoo.com mailsize=9433007 smtpstatus=250 smtpmsg='250 2.0.0 OK  1671502043 e8-20020a170902784800b00186abb95bfdsm7870550pln.25 - gsmtp' exitcode=EX_OK
Dec 24 13:36:16 host=smtp.gmail.com tls=on auth=on user=aayushbajaj7@gmail.com from=aayushbajaj7@gmail.com recipients=westryde@officeworks.com.au mailsize=3402068 smtpstatus=250 smtpmsg='250 2.0.0 OK  1671849375 x23-20020aa78f17000000b005764c8f8f07sm3106678pfr.84 - gsmtp' exitcode=EX_OK
Dec 24 13:43:43 host=smtp.gmail.com tls=on auth=on user=aayushbajaj7@gmail.com from=aayushbajaj7@gmail.com recipients=officeworks@printme.com mailsize=8065093 smtpstatus=250 smtpmsg='250 2.0.0 OK  1671849822 q7-20020a170902dac700b0018544ad1e8esm2991051plx.238 - gsmtp' exitcode=EX_OK
Dec 25 16:41:51 host=smtp.gmail.com tls=on auth=on user=aayushbajaj7@gmail.com from=aayushbajaj7@gmail.com recipients=aayushbajaj7@gmail.com mailsize=144232 smtpstatus=250 smtpmsg='250 2.0.0 OK  1671946911 b23-20020a17090a551700b00218f9bd50c7sm4250133pji.50 - gsmtp' exitcode=EX_OK
Dec 25 16:59:48 host=smtp.gmail.com tls=on auth=on user=aayushbajaj7@gmail.com from=aayushbajaj7@gmail.com recipients=aayushbajaj7@gmail.com mailsize=144272 smtpstatus=250 smtpmsg='250 2.0.0 OK  1671947988 k195-20020a633dcc000000b00478e14e6e76sm4411217pga.32 - gsmtp' exitcode=EX_OK
Dec 26 07:52:55 host=smtp.gmail.com tls=on auth=on user=aayushbajaj7@gmail.com from=aayushbajaj7@gmail.com recipients=usij.gnos@gmail.com,manavnagra13@gmail.com,krrishmaini@outlook.com mailsize=144501 smtpstatus=250 smtpmsg='250 2.0.0 OK  1672001575 f145-20020a623897000000b005775c52dbc4sm5554996pfa.167 - gsmtp' exitcode=EX_OK
Dec 26 12:44:16 host=smtp.gmail.com tls=on auth=on user=aayushbajaj7@gmail.com from=aayushbajaj7@gmail.com recipients=aayushbajaj7@gmail.com mailsize=144213 smtpstatus=250 smtpmsg='250 2.0.0 OK  1672019055 f193-20020a6238ca000000b005769b244c2fsm5774542pfa.40 - gsmtp' exitcode=EX_OK
Dec 26 13:52:05 host=smtp.gmail.com tls=on auth=on user=aayushbajaj7@gmail.com from=aayushbajaj7@gmail.com recipients=aayushbajaj7@gmail.com mailsize=144510 smtpstatus=250 smtpmsg='250 2.0.0 OK  1672023125 13-20020a170902c24d00b001926ccaa4bcsm2613660plg.161 - gsmtp' exitcode=EX_OK
Dec 26 14:06:02 host=smtp.gmail.com tls=on auth=on user=aayushbajaj7@gmail.com from=aayushbajaj7@gmail.com recipients=aayushbajaj7@gmail.com mailsize=144516 smtpstatus=250 smtpmsg='250 2.0.0 OK  1672023961 g15-20020a17090a3c8f00b00225be1115d2sm4662044pjc.13 - gsmtp' exitcode=EX_OK
Dec 27 07:42:08 host=smtp.gmail.com tls=on auth=on user=aayushbajaj7@gmail.com from=aayushbajaj7@gmail.com recipients=aayushbajaj7@gmail.com mailsize=367 smtpstatus=250 smtpmsg='250 2.0.0 OK  1672087327 h10-20020a170902680a00b00186ff402508sm467295plk.281 - gsmtp' exitcode=EX_OK
Dec 30 08:41:39 host=smtp.gmail.com tls=on auth=on user=aayushbajaj7@gmail.com from=aayushbajaj7@gmail.com recipients=usij.gnos@gmail.com mailsize=519644 smtpstatus=250 smtpmsg='250 2.0.0 OK  1672350099 p8-20020a1709027ec800b001929f0b4582sm2178222plb.300 - gsmtp' exitcode=EX_OK
Jan 01 00:57:39 host=smtp.gmail.com tls=on auth=on user=aayushbajaj7@gmail.com from=aayushbajaj7@gmail.com recipients=dr.somuu@gmail.com mailsize=835841 smtpstatus=250 smtpmsg='250 2.0.0 OK  1672495058 y29-20020aa793dd000000b00575fbe1cf2esm6143545pff.109 - gsmtp' exitcode=EX_OK
Jan 07 12:55:07 host=smtp.gmail.com tls=on auth=on user=aayushbajaj7@gmail.com from=aayushbajaj7@gmail.com recipients=usij.gnos@gmail.com mailsize=312381 smtpstatus=250 smtpmsg='250 2.0.0 OK  1673056506 a13-20020a1709027e4d00b0019312dd3f99sm1281308pln.176 - gsmtp' exitcode=EX_OK
Jan 08 10:13:57 host=smtp.gmail.com tls=on auth=on user=aayushbajaj7@gmail.com from=aayushbajaj7@gmail.com recipients=manavnagra13@gmail.com mailsize=6447277 smtpstatus=250 smtpmsg='250 2.0.0 OK  1673133237 k11-20020a170902c40b00b001894198d0ebsm3301167plk.24 - gsmtp' exitcode=EX_OK
Jan 08 10:26:07 host=smtp.gmail.com tls=on auth=on user=aayushbajaj7@gmail.com from=aayushbajaj7@gmail.com recipients=manavnagra13@gmail.com mailsize=3535100 smtpstatus=250 smtpmsg='250 2.0.0 OK  1673133967 b14-20020a17090a6ace00b00225d92d69b6sm2900087pjm.29 - gsmtp' exitcode=EX_OK
Jan 09 16:20:23 host=smtp.gmail.com tls=on auth=on user=aayushbajaj7@gmail.com from=aayushbajaj7@gmail.com recipients=fisher@connecteducation.com.au mailsize=58825 smtpstatus=250 smtpmsg='250 2.0.0 OK  1673241621 b7-20020a63eb47000000b00460ea630c1bsm4364779pgk.46 - gsmtp' exitcode=EX_OK
Jan 10 18:35:18 host=smtp.gmail.com tls=on auth=on user=aayushbajaj7@gmail.com from=aayushbajaj7@gmail.com recipients=mainirahul@outlook.com mailsize=30629 smtpstatus=250 smtpmsg='250 2.0.0 OK  1673336118 k16-20020a170902c41000b00178b77b7e71sm569029plk.188 - gsmtp' exitcode=EX_OK
Jan 22 12:40:15 host=smtp.gmail.com tls=on auth=on user=aayushbajaj7@gmail.com from=aayushbajaj7@gmail.com recipients=usij.gnos@gmail.com mailsize=231272 smtpstatus=250 smtpmsg='250 2.0.0 OK  1674351614 15-20020a17090a0e8f00b00225bc0e5f19sm4061971pjx.1 - gsmtp' exitcode=EX_OK
Jan 22 12:54:44 host=smtp.gmail.com tls=on auth=on user=aayushbajaj7@gmail.com from=aayushbajaj7@gmail.com recipients=usij.gnos@gmail.com mailsize=86871 smtpstatus=250 smtpmsg='250 2.0.0 OK  1674352484 z19-20020aa79593000000b00582388bd80csm28495568pfj.83 - gsmtp' exitcode=EX_OK
Jan 23 16:23:22 host=smtp.gmail.com tls=on auth=on user=aayushbajaj7@gmail.com from=aayushbajaj7@gmail.com recipients=officeworks@printme.com mailsize=19424971 smtpstatus=250 smtpmsg='250 2.0.0 OK  1674451402 m63-20020a625842000000b005775c52dbc4sm6673277pfb.167 - gsmtp' exitcode=EX_OK
Jan 26 13:00:25 host=smtp.gmail.com tls=on auth=on user=aayushbajaj7@gmail.com from=aayushbajaj7@gmail.com recipients=westryde@officeworks.com.au errormsg='cannot locate host smtp.gmail.com: nodename nor servname provided, or not known' exitcode=EX_NOHOST
Jan 26 13:01:02 host=smtp.gmail.com tls=on auth=on user=aayushbajaj7@gmail.com from=aayushbajaj7@gmail.com recipients=westryde@officeworks.com.au errormsg='cannot locate host smtp.gmail.com: nodename nor servname provided, or not known' exitcode=EX_NOHOST
Jan 26 13:01:53 host=smtp.gmail.com tls=on auth=on user=aayushbajaj7@gmail.com from=aayushbajaj7@gmail.com recipients=westryde@officeworks.com.au mailsize=2213178 smtpstatus=250 smtpmsg='250 2.0.0 OK  1674698512 s10-20020a17090a760a00b0022bbbba9801sm2316104pjk.37 - gsmtp' exitcode=EX_OK
Jan 26 13:15:05 host=smtp.gmail.com tls=on auth=on user=aayushbajaj7@gmail.com from=aayushbajaj7@gmail.com recipients=officeworks@printme.com mailsize=19424967 smtpstatus=250 smtpmsg='250 2.0.0 OK  1674699305 md24-20020a17090b23d800b0022c1fa729e6sm357697pjb.7 - gsmtp' exitcode=EX_OK
Jan 26 13:16:48 host=smtp.gmail.com tls=on auth=on user=aayushbajaj7@gmail.com from=aayushbajaj7@gmail.com recipients=westryde@officeworks.com.au mailsize=30902 smtpstatus=250 smtpmsg='250 2.0.0 OK  1674699407 m5-20020a170902db8500b00186b3c3e2dasm69160pld.155 - gsmtp' exitcode=EX_OK
Jan 30 09:45:05 host=smtp.gmail.com tls=on auth=on user=aayushbajaj7@gmail.com from=aayushbajaj7@gmail.com recipients=kelly.je.kim@gmail.com mailsize=31236 smtpstatus=250 smtpmsg='250 2.0.0 OK  1675032306 q5-20020a170902c74500b00195f0fb0c18sm6430411plq.31 - gsmtp' exitcode=EX_OK
Jan 30 09:52:03 host=smtp.gmail.com tls=on auth=on user=aayushbajaj7@gmail.com from=aayushbajaj7@gmail.com recipients=usij.gnos@gmail.com errormsg='TLS handshake failed: The TLS connection was non-properly terminated.' exitcode=EX_PROTOCOL
Jan 30 09:52:31 host=smtp.gmail.com tls=on auth=on user=aayushbajaj7@gmail.com from=aayushbajaj7@gmail.com recipients=usij.gnos@gmail.com mailsize=1069 smtpstatus=250 smtpmsg='250 2.0.0 OK  1675032751 iw6-20020a170903044600b00189f2fdbdd0sm6363804plb.234 - gsmtp' exitcode=EX_OK
Feb 01 16:57:26 host=smtp.gmail.com tls=on auth=on user=aayushbajaj7@gmail.com from=aayushbajaj7@gmail.com recipients=usij.gnos@gmail.com mailsize=4688185 smtpstatus=250 smtpmsg='250 2.0.0 OK  1675231045 l8-20020a170903244800b0019601f98550sm2039301pls.132 - gsmtp' exitcode=EX_OK
Feb 01 18:07:17 host=smtp.gmail.com tls=on auth=on user=aayushbajaj7@gmail.com from=aayushbajaj7@gmail.com recipients=sahib003@outlook.com mailsize=30712 smtpstatus=250 smtpmsg='250 2.0.0 OK  1675235236 13-20020a170902c14d00b00194706d3f25sm10952839plj.144 - gsmtp' exitcode=EX_OK
Feb 02 17:16:41 host=smtp.gmail.com tls=on auth=on user=aayushbajaj7@gmail.com from=aayushbajaj7@gmail.com recipients=manavnagra13@gmail.com mailsize=1449523 smtpstatus=250 smtpmsg='250 2.0.0 OK  1675318600 b5-20020aa78ec5000000b0058dc1d54db1sm12490805pfr.206 - gsmtp' exitcode=EX_OK
Feb 03 16:29:11 host=smtp.gmail.com tls=on auth=on user=aayushbajaj7@gmail.com from=aayushbajaj7@gmail.com recipients=pranavindra@gmail.com mailsize=304 smtpstatus=250 smtpmsg='250 2.0.0 OK  1675402150 q23-20020a056a0002b700b0058d9730ede0sm634884pfs.210 - gsmtp' exitcode=EX_OK
Feb 03 17:09:08 host=smtp.gmail.com tls=on auth=on user=aayushbajaj7@gmail.com from=aayushbajaj7@gmail.com recipients=pranavindra@gmail.com mailsize=30042 smtpstatus=250 smtpmsg='250 2.0.0 OK  1675404548 ge11-20020a17090b0e0b00b0022bee398e09sm468409pjb.4 - gsmtp' exitcode=EX_OK
Feb 04 11:02:47 host=smtp.gmail.com tls=on auth=on user=aayushbajaj7@gmail.com from=aayushbajaj7@gmail.com recipients=manavnagra13@gmail.com mailsize=32402 smtpstatus=250 smtpmsg='250 2.0.0 OK  1675468966 c22-20020a170902849600b001946119c22esm2161778plo.146 - gsmtp' exitcode=EX_OK
Feb 04 11:03:53 host=smtp.gmail.com tls=on auth=on user=aayushbajaj7@gmail.com from=aayushbajaj7@gmail.com recipients=manavnagra13@gmail.com mailsize=73103 smtpstatus=250 smtpmsg='250 2.0.0 OK  1675469032 q11-20020a63750b000000b004da425922c6sm2035060pgc.74 - gsmtp' exitcode=EX_OK
Feb 08 18:06:22 host=smtp.gmail.com tls=on auth=on user=aayushbajaj7@gmail.com from=aayushbajaj7@gmail.com recipients=usij.gnos@gmail.com mailsize=28796512 smtpstatus=250 smtpmsg='250 2.0.0 OK  1675839982 q7-20020a63ae07000000b004da5d3a8023sm8973713pgf.79 - gsmtp' exitcode=EX_OK
Feb 08 18:14:16 host=smtp.gmail.com tls=on auth=on user=aayushbajaj7@gmail.com from=aayushbajaj7@gmail.com recipients=usij.gnos@gmail.com mailsize=1533861 smtpstatus=250 smtpmsg='250 2.0.0 OK  1675840456 f17-20020a63f111000000b004e85324f233sm8921038pgi.77 - gsmtp' exitcode=EX_OK
Feb 11 19:15:46 host=smtp.gmail.com tls=on auth=on user=aayushbajaj7@gmail.com from=aayushbajaj7@gmail.com recipients=westryde@officeworks.com.au mailsize=11769989 smtpstatus=250 smtpmsg='250 2.0.0 OK  1676103345 s124-20020a637782000000b004e8f7f23c4bsm4045111pgc.76 - gsmtp' exitcode=EX_OK
Feb 11 19:37:01 host=smtp.gmail.com tls=on auth=on user=aayushbajaj7@gmail.com from=aayushbajaj7@gmail.com recipients=aayushbajaj7@gmail.com mailsize=11772115 smtpstatus=250 smtpmsg='250 2.0.0 OK  1676104621 i23-20020aa78d97000000b00581d62be96dsm4360164pfr.197 - gsmtp' exitcode=EX_OK
Feb 12 07:47:13 host=smtp.gmail.com tls=on auth=on user=aayushbajaj7@gmail.com from=aayushbajaj7@gmail.com recipients=usij.gnos@gmail.com mailsize=11772324 smtpstatus=250 smtpmsg='250 2.0.0 OK  1676148433 a13-20020a62e20d000000b0059260f01115sm5214100pfi.76 - gsmtp' exitcode=EX_OK
Feb 13 11:49:22 host=smtp.gmail.com tls=on auth=on user=aayushbajaj7@gmail.com from=aayushbajaj7@gmail.com recipients=aayushbajaj7@gmail.com mailsize=15994068 smtpstatus=250 smtpmsg='250 2.0.0 OK  1676249362 y18-20020aa78052000000b00586fbbdf6e4sm6635621pfm.34 - gsmtp' exitcode=EX_OK
Feb 13 11:57:09 host=smtp.gmail.com tls=on auth=on user=aayushbajaj7@gmail.com from=aayushbajaj7@gmail.com recipients=westryde@officeworks.com.au mailsize=15995134 smtpstatus=250 smtpmsg='250 2.0.0 OK  1676249828 z29-20020a63b91d000000b0047899d0d62csm6073325pge.52 - gsmtp' exitcode=EX_OK
Feb 13 16:37:22 host=smtp.gmail.com tls=on auth=on user=aayushbajaj7@gmail.com from=aayushbajaj7@gmail.com recipients=prannavindra@gmail.com mailsize=1497809 smtpstatus=250 smtpmsg='250 2.0.0 OK  1676266642 i21-20020aa78d95000000b0058119caa82csm7005352pfr.205 - gsmtp' exitcode=EX_OK
Feb 14 12:58:43 host=smtp.gmail.com tls=on auth=on user=aayushbajaj7@gmail.com from=aayushbajaj7@gmail.com recipients=pon.indra@gmail.com mailsize=30444 smtpstatus=250 smtpmsg='250 2.0.0 OK  1676339923 jn3-20020a170903050300b00180033438a0sm8888553plb.106 - gsmtp' exitcode=EX_OK
Feb 14 13:01:39 host=smtp.gmail.com tls=on auth=on user=aayushbajaj7@gmail.com from=aayushbajaj7@gmail.com recipients=indrasailaja@gmail.com mailsize=30979 smtpstatus=250 smtpmsg='250 2.0.0 OK  1676340099 j24-20020a62b618000000b00581f76c1da1sm8521164pff.191 - gsmtp' exitcode=EX_OK
Feb 16 18:03:24 host=smtp.gmail.com tls=on auth=on user=aayushbajaj7@gmail.com from=aayushbajaj7@gmail.com recipients=usij.gnos@gmail.com mailsize=538799 smtpstatus=250 smtpmsg='250 2.0.0 OK  1676531004 2-20020a17090a0d4200b0023493354f37sm564481pju.26 - gsmtp' exitcode=EX_OK
Feb 19 21:11:13 host=smtp.gmail.com tls=on auth=on user=aayushbajaj7@gmail.com from=aayushbajaj7@gmail.com recipients=manavnagra13@gmail.com mailsize=3081219 smtpstatus=250 smtpmsg='250 2.0.0 OK  1676801472 l63-20020a638842000000b004f25fc5b490sm3980135pgd.5 - gsmtp' exitcode=EX_OK
Feb 24 10:35:24 host=smtp.gmail.com tls=on auth=on user=aayushbajaj7@gmail.com from=aayushbajaj7@gmail.com recipients=RITU.BHAMRA@det.nsw.edu.au mailsize=1171888 smtpstatus=250 smtpmsg='250 2.0.0 OK  1677195324 bm2-20020a056a00320200b005ac419804d5sm2100954pfb.98 - gsmtp' exitcode=EX_OK
Feb 24 11:39:12 host=smtp.gmail.com tls=on auth=on user=aayushbajaj7@gmail.com from=aayushbajaj7@gmail.com recipients=aayushbajaj7@gmail.com mailsize=2001229 smtpstatus=250 smtpmsg='250 2.0.0 OK  1677199151 jj14-20020a170903048e00b00198ea7e4bafsm5098534plb.92 - gsmtp' exitcode=EX_OK
Feb 27 17:40:53 host=smtp.gmail.com tls=on auth=on user=aayushbajaj7@gmail.com from=aayushbajaj7@gmail.com recipients=prannavindra@gmail.com mailsize=192136 smtpstatus=250 smtpmsg='250 2.0.0 OK  1677480053 c4-20020a170902d90400b00196807b5189sm3704644plz.292 - gsmtp' exitcode=EX_OK
Feb 27 17:46:55 host=smtp.gmail.com tls=on auth=on user=aayushbajaj7@gmail.com from=aayushbajaj7@gmail.com recipients=officeworks@printme.com mailsize=1217913 smtpstatus=250 smtpmsg='250 2.0.0 OK  1677480415 a2-20020a170902ee8200b0019926c7757asm3703263pld.289 - gsmtp' exitcode=EX_OK
Mar 04 21:31:50 host=smtp.gmail.com tls=on auth=on user=aayushbajaj7@gmail.com from=aayushbajaj7@gmail.com recipients=aayushbajaj7@gmail.com mailsize=1011091 smtpstatus=250 smtpmsg='250 2.0.0 OK  1677925910 x7-20020a1709029a4700b0019c2b1c4ad4sm3067768plv.6 - gsmtp' exitcode=EX_OK
Mar 04 21:43:19 host=smtp.gmail.com tls=on auth=on user=aayushbajaj7@gmail.com from=aayushbajaj7@gmail.com recipients=prannavindra@gmail.com mailsize=22493010 smtpstatus=250 smtpmsg='250 2.0.0 OK  1677926599 g15-20020a62e30f000000b005dd65169623sm3024175pfh.190 - gsmtp' exitcode=EX_OK
Mar 10 12:57:13 host=smtp.gmail.com tls=on auth=on user=aayushbajaj7@gmail.com from=aayushbajaj7@gmail.com recipients=Hubert.Lam2@det.nsw.edu.au mailsize=2035 smtpstatus=250 smtpmsg='250 2.0.0 OK  1678413433 t9-20020a170902bc4900b0019edcc30d9bsm256857plz.155 - gsmtp' exitcode=EX_OK
Mar 11 21:57:20 host=smtp.gmail.com tls=on auth=on user=aayushbajaj7@gmail.com from=aayushbajaj7@gmail.com recipients=aayushbajaj7@gmail.com mailsize=4104955 smtpstatus=250 smtpmsg='250 2.0.0 OK  1678532239 bg2-20020a17090b0d8200b002369d3b282csm1306056pjb.40 - gsmtp' exitcode=EX_OK
Mar 11 22:14:25 host=smtp.gmail.com tls=on auth=on user=aayushbajaj7@gmail.com from=aayushbajaj7@gmail.com recipients=aayushbajaj7@gmail.com mailsize=10483292 smtpstatus=250 smtpmsg='250 2.0.0 OK  1678533265 it14-20020a17090afb0e00b0023530b1e4a0sm1384478pjb.2 - gsmtp' exitcode=EX_OK
Mar 14 11:22:24 host=mail.abaj.io tls=on auth=on user=j@abaj.io from=j@abaj.io recipients=aayushbajaj7@gmail.com mailsize=309 smtpstatus=250 smtpmsg='250 2.0.0 Ok: queued as 78041177D59' exitcode=EX_OK
Mar 14 11:27:23 host=smtp.gmail.com tls=on auth=on user=aayushbajaj7@gmail.com from=aayushbajaj7@gmail.com recipients=j@abaj.io mailsize=302 smtpstatus=250 smtpmsg='250 2.0.0 OK  1678753642 le6-20020a170902fb0600b001a04b92ddffsm412236plb.140 - gsmtp' exitcode=EX_OK
Mar 14 11:37:12 host=mail.abaj.io tls=on auth=on user=j@abaj.io from=j@abaj.io recipients=aayushbajaj7@gmail.com mailsize=503 smtpstatus=250 smtpmsg='250 2.0.0 Ok: queued as DE4DC177D41' exitcode=EX_OK
Mar 17 11:11:08 host=smtp.gmail.com tls=on auth=on user=aayushbajaj7@gmail.com from=aayushbajaj7@gmail.com recipients=officeworks@printme.com mailsize=2433197 smtpstatus=250 smtpmsg='250 2.0.0 OK  1679011867 j3-20020a170902c3c300b001a072be70desm279009plj.41 - gsmtp' exitcode=EX_OK
Mar 19 10:12:00 host=smtp.gmail.com tls=on auth=on user=aayushbajaj7@gmail.com from=aayushbajaj7@gmail.com recipients=manavnagra13@gmail.com mailsize=4906207 smtpstatus=250 smtpmsg='250 2.0.0 OK  1679181120 v9-20020a1709028d8900b001964c8164aasm3772546plo.129 - gsmtp' exitcode=EX_OK
Mar 20 10:43:38 host=mail.abaj.io tls=on auth=on user=j@abaj.io from=j@abaj.io recipients=nfslolmiku@gmail.com smtpstatus=552 smtpmsg='552 5.3.4 Error: message file too big' errormsg='the server did not accept the mail' exitcode=EX_UNAVAILABLE
Mar 21 19:11:49 host=smtp.gmail.com tls=on auth=on user=aayushbajaj7@gmail.com from=aayushbajaj7@gmail.com recipients=harshan.someshwar@education.nsw.gov.au mailsize=5642112 smtpstatus=250 smtpmsg='250 2.0.0 OK  1679386309 17-20020a170902e9d100b001a0544138acsm8049223plk.177 - gsmtp' exitcode=EX_OK
Mar 23 11:18:44 host=smtp.gmail.com tls=on auth=on user=aayushbajaj7@gmail.com from=aayushbajaj7@gmail.com recipients=usij.gnos@gmail.com mailsize=341 smtpstatus=250 smtpmsg='250 2.0.0 OK  1679530724 i4-20020a17090aa90400b0023b3a9fa603sm63713pjq.55 - gsmtp' exitcode=EX_OK
