Jan 16 12:01 : config: inotify: auto_update was disabled. enable during compilation phase
Jan 16 12:01 : update: added J.I.D - DiCaprio 2 (2018) [WEB FLAC]/03 - Westbrook.flac
Jan 16 12:01 : update: added J.I.D - DiCaprio 2 (2018) [WEB FLAC]/07 - Workin Out.flac
Jan 16 12:01 : update: added J.I.D - DiCaprio 2 (2018) [WEB FLAC]/01 - Frequency Change.flac
Jan 16 12:01 : update: added J.I.D - DiCaprio 2 (2018) [WEB FLAC]/08 - Tiiied (feat. 6LACK & Ella Mai).flac
Jan 16 12:01 : update: added J.I.D - DiCaprio 2 (2018) [WEB FLAC]/13 - Despacito Too.flac
Jan 16 12:01 : update: added J.I.D - DiCaprio 2 (2018) [WEB FLAC]/05 - 151 Rum.flac
Jan 16 12:01 : update: added J.I.D - DiCaprio 2 (2018) [WEB FLAC]/11 - Mounted Up.flac
Jan 16 12:01 : update: added J.I.D - DiCaprio 2 (2018) [WEB FLAC]/14 - Hasta Luego.flac
Jan 16 12:01 : update: added J.I.D - DiCaprio 2 (2018) [WEB FLAC]/12 - Just Da Other Day.flac
Jan 16 12:01 : update: added J.I.D - DiCaprio 2 (2018) [WEB FLAC]/02 - Slick Talk.flac
Jan 16 12:01 : update: added J.I.D - DiCaprio 2 (2018) [WEB FLAC]/10 - Hot Box (feat. Method Man & Joey Bada$$).flac
Jan 16 12:01 : update: added J.I.D - DiCaprio 2 (2018) [WEB FLAC]/06 - Off Da Zoinkys.flac
Jan 16 12:01 : update: added J.I.D - DiCaprio 2 (2018) [WEB FLAC]/04 - Off Deez.flac
Jan 16 12:01 : update: added J.I.D - DiCaprio 2 (2018) [WEB FLAC]/09 - Skrawberries (feat. BJ The Chicago Kid).flac
Jan 16 12:01 : update: added J. Cole - KOD (2018)/11. Window Pain (Outro).flac
Jan 16 12:01 : update: added J. Cole - KOD (2018)/03. Photograph.flac
Jan 16 12:01 : update: added J. Cole - KOD (2018)/04. The Cut Off (feat. kiLL edward).flac
Jan 16 12:01 : update: added J. Cole - KOD (2018)/08. BRACKETS.flac
Jan 16 12:01 : update: added J. Cole - KOD (2018)/02. KOD.flac
Jan 16 12:01 : update: added J. Cole - KOD (2018)/12. 1985 (Intro to “The Fall Off”).flac
Jan 16 12:01 : update: added J. Cole - KOD (2018)/06. Motiv8.flac
Jan 16 12:01 : update: added J. Cole - KOD (2018)/09. Once an Addict (Interlude).flac
Jan 16 12:01 : update: added J. Cole - KOD (2018)/01. Intro.flac
Jan 16 12:01 : update: added J. Cole - KOD (2018)/10. FRIENDS (feat. kiLL edward).flac
Jan 16 12:01 : update: added J. Cole - KOD (2018)/07. Kevin’s Heart.flac
Jan 16 12:01 : update: added J. Cole - KOD (2018)/05. ATM.flac
Jan 16 12:01 : update: added Wu-Tang Clan - Wu-Tang Forever - [FLAC - Vinyl 24-96]/02 - Reunited.flac
Jan 16 12:01 : update: added Wu-Tang Clan - Wu-Tang Forever - [FLAC - Vinyl 24-96]/17 - The City.flac
Jan 16 12:01 : update: added Wu-Tang Clan - Wu-Tang Forever - [FLAC - Vinyl 24-96]/19 - Bells Of War.flac
Jan 16 12:01 : update: added Wu-Tang Clan - Wu-Tang Forever - [FLAC - Vinyl 24-96]/23 - Hellz Wind Staff.flac
Jan 16 12:01 : update: added Wu-Tang Clan - Wu-Tang Forever - [FLAC - Vinyl 24-96]/08 - Older Gods.flac
Jan 16 12:01 : update: added Wu-Tang Clan - Wu-Tang Forever - [FLAC - Vinyl 24-96]/10 - Better Tomorrow.flac
Jan 16 12:01 : update: added Wu-Tang Clan - Wu-Tang Forever - [FLAC - Vinyl 24-96]/16 - Deadly Melody.flac
Jan 16 12:01 : update: added Wu-Tang Clan - Wu-Tang Forever - [FLAC - Vinyl 24-96]/27 - The Closing.flac
Jan 16 12:01 : update: added Wu-Tang Clan - Wu-Tang Forever - [FLAC - Vinyl 24-96]/18 - The Projects.flac
Jan 16 12:01 : update: added Wu-Tang Clan - Wu-Tang Forever - [FLAC - Vinyl 24-96]/04 - Cash Still Rules - Scary Hours (Still Don't Nothing Move But The Money).flac
Jan 16 12:01 : update: added Wu-Tang Clan - Wu-Tang Forever - [FLAC - Vinyl 24-96]/22 - Duck Seazon.flac
Jan 16 12:01 : update: added Wu-Tang Clan - Wu-Tang Forever - [FLAC - Vinyl 24-96]/14 - Impossible.flac
Jan 16 12:01 : update: added Wu-Tang Clan - Wu-Tang Forever - [FLAC - Vinyl 24-96]/05 - Visionz.flac
Jan 16 12:01 : update: added Wu-Tang Clan - Wu-Tang Forever - [FLAC - Vinyl 24-96]/20 - The M.G.M.flac
Jan 16 12:01 : update: added Wu-Tang Clan - Wu-Tang Forever - [FLAC - Vinyl 24-96]/13 - Triumph.flac
Jan 16 12:01 : update: added Wu-Tang Clan - Wu-Tang Forever - [FLAC - Vinyl 24-96]/26 - Second Coming.flac
Jan 16 12:01 : update: added Wu-Tang Clan - Wu-Tang Forever - [FLAC - Vinyl 24-96]/24 - Heaterz.flac
Jan 16 12:01 : update: added Wu-Tang Clan - Wu-Tang Forever - [FLAC - Vinyl 24-96]/09 - Maria.flac
Jan 16 12:01 : update: added Wu-Tang Clan - Wu-Tang Forever - [FLAC - Vinyl 24-96]/03 - For Heavens Sake.flac
Jan 16 12:01 : update: added Wu-Tang Clan - Wu-Tang Forever - [FLAC - Vinyl 24-96]/25 - Black Shampoo.flac
Jan 16 12:01 : update: added Wu-Tang Clan - Wu-Tang Forever - [FLAC - Vinyl 24-96]/15 - Little Ghetto Boys.flac
Jan 16 12:01 : update: added Wu-Tang Clan - Wu-Tang Forever - [FLAC - Vinyl 24-96]/01 - Wu-Revolution.flac
Jan 16 12:01 : update: added Wu-Tang Clan - Wu-Tang Forever - [FLAC - Vinyl 24-96]/11 - It's Yourz.flac
Jan 16 12:01 : update: added Wu-Tang Clan - Wu-Tang Forever - [FLAC - Vinyl 24-96]/12 - Intro.flac
Jan 16 12:01 : update: added Wu-Tang Clan - Wu-Tang Forever - [FLAC - Vinyl 24-96]/21 - The Dog Shit.flac
Jan 16 12:01 : update: added Wu-Tang Clan - Wu-Tang Forever - [FLAC - Vinyl 24-96]/06 - As High As Wu-Tang Get.flac
Jan 16 12:01 : update: added Wu-Tang Clan - Wu-Tang Forever - [FLAC - Vinyl 24-96]/07 - Severe Punishment.flac
Jan 16 12:01 : update: added J.I.D - The Never Story (2017) [WEB-FLAC]/05. D-vision (feat. EarthGang).flac
Jan 16 12:01 : update: added J.I.D - The Never Story (2017) [WEB-FLAC]/06. Hereditary.flac
Jan 16 12:01 : update: added J.I.D - The Never Story (2017) [WEB-FLAC]/04. EdEddnEddy.flac
Jan 16 12:01 : update: added J.I.D - The Never Story (2017) [WEB-FLAC]/09. 8701 (feat. 6LACK).flac
Jan 16 12:01 : update: added J.I.D - The Never Story (2017) [WEB-FLAC]/07. All Bad (feat. Mereba).flac
Jan 16 12:01 : update: added J.I.D - The Never Story (2017) [WEB-FLAC]/03. NEVER.flac
Jan 16 12:01 : update: added J.I.D - The Never Story (2017) [WEB-FLAC]/02. General.flac
Jan 16 12:01 : update: added J.I.D - The Never Story (2017) [WEB-FLAC]/01. Doo Wop.flac
Jan 16 12:01 : update: added J.I.D - The Never Story (2017) [WEB-FLAC]/11. Somebody.flac
Jan 16 12:01 : update: added J.I.D - The Never Story (2017) [WEB-FLAC]/10. Hoodbooger.flac
Jan 16 12:01 : update: added J.I.D - The Never Story (2017) [WEB-FLAC]/08. Underwear.flac
Jan 16 12:01 : update: added J.I.D - The Never Story (2017) [WEB-FLAC]/12. LAUDER.flac
Jan 16 12:01 : update: added Kendrick Lamar - DAMN. (Collector's Edition) [2017]/11 - ELEMENT..flac
Jan 16 12:01 : update: added Kendrick Lamar - DAMN. (Collector's Edition) [2017]/02 - GOD..flac
Jan 16 12:01 : update: added Kendrick Lamar - DAMN. (Collector's Edition) [2017]/13 - DNA..flac
Jan 16 12:01 : update: added Kendrick Lamar - DAMN. (Collector's Edition) [2017]/07 - HUMBLE..flac
Jan 16 12:01 : update: added Kendrick Lamar - DAMN. (Collector's Edition) [2017]/14 - BLOOD..flac
Jan 16 12:01 : update: added Kendrick Lamar - DAMN. (Collector's Edition) [2017]/01 - DUCKWORTH..flac
Jan 16 12:01 : update: added Kendrick Lamar - DAMN. (Collector's Edition) [2017]/04 - XXX. (Featuring U2).flac
Jan 16 12:01 : update: added Kendrick Lamar - DAMN. (Collector's Edition) [2017]/12 - YAH..flac
Jan 16 12:01 : update: added Kendrick Lamar - DAMN. (Collector's Edition) [2017]/09 - LOYALTY. (Featuring Rihanna).flac
Jan 16 12:01 : update: added Kendrick Lamar - DAMN. (Collector's Edition) [2017]/06 - LUST..flac
Jan 16 12:01 : update: added Kendrick Lamar - DAMN. (Collector's Edition) [2017]/08 - PRIDE..flac
Jan 16 12:01 : update: added Kendrick Lamar - DAMN. (Collector's Edition) [2017]/03 - FEAR..flac
Jan 16 12:01 : update: added Kendrick Lamar - DAMN. (Collector's Edition) [2017]/05 - LOVE. (Featuring Zacari).flac
Jan 16 12:01 : update: added Kendrick Lamar - DAMN. (Collector's Edition) [2017]/10 - FEEL..flac
Jan 16 12:01 : update: added The Weeknd - 2022 - Dawn FM [FLAC]/15 - The Weeknd - Less Than Zero.flac
Jan 16 12:01 : update: added The Weeknd - 2022 - Dawn FM [FLAC]/10 - The Weeknd - Is There Someone Else_.flac
Jan 16 12:01 : update: added The Weeknd - 2022 - Dawn FM [FLAC]/03 - The Weeknd - How Do I Make You Love Me_.flac
Jan 16 12:01 : update: added The Weeknd - 2022 - Dawn FM [FLAC]/11 - The Weeknd - Starry Eyes.flac
Jan 16 12:01 : update: added The Weeknd - 2022 - Dawn FM [FLAC]/01 - The Weeknd - Dawn FM.flac
Jan 16 12:01 : update: added The Weeknd - 2022 - Dawn FM [FLAC]/05 - The Weeknd - Sacrifice.flac
Jan 16 12:01 : update: added The Weeknd - 2022 - Dawn FM [FLAC]/06 - The Weeknd - A Tale By Quincy.flac
Jan 16 12:01 : update: added The Weeknd - 2022 - Dawn FM [FLAC]/02 - The Weeknd - Gasoline.flac
Jan 16 12:01 : update: added The Weeknd - 2022 - Dawn FM [FLAC]/08 - The Weeknd - Here We Go… Again.flac
Jan 16 12:01 : update: added The Weeknd - 2022 - Dawn FM [FLAC]/09 - The Weeknd - Best Friends.flac
Jan 16 12:01 : update: added The Weeknd - 2022 - Dawn FM [FLAC]/12 - The Weeknd - Every Angel is Terrifying.flac
Jan 16 12:01 : update: added The Weeknd - 2022 - Dawn FM [FLAC]/14 - The Weeknd - I Heard You’re Married.flac
Jan 16 12:01 : update: added The Weeknd - 2022 - Dawn FM [FLAC]/16 - The Weeknd - Phantom Regret by Jim.flac
Jan 16 12:01 : update: added The Weeknd - 2022 - Dawn FM [FLAC]/04 - The Weeknd - Take My Breath.flac
Jan 16 12:01 : update: added The Weeknd - 2022 - Dawn FM [FLAC]/13 - The Weeknd - Don’t Break My Heart.flac
Jan 16 12:01 : update: added The Weeknd - 2022 - Dawn FM [FLAC]/07 - The Weeknd - Out of Time.flac
Jan 16 12:01 : update: added J. Cole - 4 Your Eyez Only (2016)(FLAC)(WEB)/6 Change.flac
Jan 16 12:01 : update: added J. Cole - 4 Your Eyez Only (2016)(FLAC)(WEB)/1 For Whom the Bell Tolls.flac
Jan 16 12:01 : update: added J. Cole - 4 Your Eyez Only (2016)(FLAC)(WEB)/10 4 Your Eyez Only.flac
Jan 16 12:01 : update: added J. Cole - 4 Your Eyez Only (2016)(FLAC)(WEB)/5 She's Mine Pt. 1.flac
Jan 16 12:01 : update: added J. Cole - 4 Your Eyez Only (2016)(FLAC)(WEB)/8 Foldin Clothes.flac
Jan 16 12:01 : update: added J. Cole - 4 Your Eyez Only (2016)(FLAC)(WEB)/7 Neighbors.flac
Jan 16 12:01 : update: added J. Cole - 4 Your Eyez Only (2016)(FLAC)(WEB)/3 Deja Vu.flac
Jan 16 12:01 : update: added J. Cole - 4 Your Eyez Only (2016)(FLAC)(WEB)/9 She's Mine Pt. 2.flac
Jan 16 12:01 : update: added J. Cole - 4 Your Eyez Only (2016)(FLAC)(WEB)/2 Immortal.flac
Jan 16 12:01 : update: added J. Cole - 4 Your Eyez Only (2016)(FLAC)(WEB)/4 Ville Mentality.flac
Jan 16 12:01 : update: added Lil Wayne - Tha Carter V (2018) [FLAC] {B0029310-02}/CD2/09 - Dope New Gospel (feat. Nivea).flac
Jan 16 12:01 : update: added Lil Wayne - Tha Carter V (2018) [FLAC] {B0029310-02}/CD2/01 - Problems.flac
Jan 16 12:01 : update: added Lil Wayne - Tha Carter V (2018) [FLAC] {B0029310-02}/CD2/10 - Perfect Strangers.flac
Jan 16 12:01 : update: added Lil Wayne - Tha Carter V (2018) [FLAC] {B0029310-02}/CD2/07 - Demon.flac
Jan 16 12:01 : update: added Lil Wayne - Tha Carter V (2018) [FLAC] {B0029310-02}/CD2/11 - Used 2.flac
Jan 16 12:01 : update: added Lil Wayne - Tha Carter V (2018) [FLAC] {B0029310-02}/CD2/03 - Hittas.flac
Jan 16 12:01 : update: added Lil Wayne - Tha Carter V (2018) [FLAC] {B0029310-02}/CD2/06 - Start This Shit Off Right (feat. Ashanti & Mack Maine).flac
Jan 16 12:01 : update: added Lil Wayne - Tha Carter V (2018) [FLAC] {B0029310-02}/CD2/05 - Open Safe.flac
Jan 16 12:01 : update: added Lil Wayne - Tha Carter V (2018) [FLAC] {B0029310-02}/CD2/12 - Let It All Work Out.flac
Jan 16 12:01 : update: added Lil Wayne - Tha Carter V (2018) [FLAC] {B0029310-02}/CD2/08 - Mess.flac
Jan 16 12:01 : update: added Lil Wayne - Tha Carter V (2018) [FLAC] {B0029310-02}/CD2/02 - Dope Niggaz (feat. Snoop Dogg).flac
Jan 16 12:01 : update: added Lil Wayne - Tha Carter V (2018) [FLAC] {B0029310-02}/CD2/04 - Took His Time.flac
Jan 16 12:01 : update: added Lil Wayne - Tha Carter V (2018) [FLAC] {B0029310-02}/CD1/10 - Open Letter.flac
Jan 16 12:01 : update: added Lil Wayne - Tha Carter V (2018) [FLAC] {B0029310-02}/CD1/08 - Mona Lisa (feat. Kendrick Lamar).flac
Jan 16 12:01 : update: added Lil Wayne - Tha Carter V (2018) [FLAC] {B0029310-02}/CD1/01 - I Love You Dwayne.flac
Jan 16 12:01 : update: added Lil Wayne - Tha Carter V (2018) [FLAC] {B0029310-02}/CD1/04 - Uproar.flac
Jan 16 12:01 : update: added Lil Wayne - Tha Carter V (2018) [FLAC] {B0029310-02}/CD1/06 - Can't Be Broken.flac
Jan 16 12:01 : update: added Lil Wayne - Tha Carter V (2018) [FLAC] {B0029310-02}/CD1/09 - What About Me (feat. Sosamann).flac
Jan 16 12:01 : update: added Lil Wayne - Tha Carter V (2018) [FLAC] {B0029310-02}/CD1/02 - Don't Cry (feat. XXXTentacion).flac
Jan 16 12:01 : update: added Lil Wayne - Tha Carter V (2018) [FLAC] {B0029310-02}/CD1/11 - Famous (feat. Reginae Carter).flac
Jan 16 12:01 : update: added Lil Wayne - Tha Carter V (2018) [FLAC] {B0029310-02}/CD1/07 - Dark Side of the Moon (feat. Nicki Minaj).flac
Jan 16 12:01 : update: added Lil Wayne - Tha Carter V (2018) [FLAC] {B0029310-02}/CD1/03 - Dedicate (feat. 2 Chainz).flac
Jan 16 12:01 : update: added Lil Wayne - Tha Carter V (2018) [FLAC] {B0029310-02}/CD1/05 - Let It Fly (feat. Travis Scott).flac
Jan 16 12:01 : update: added Kanye West - My Beautiful Dark Twisted Fantasy (2010)/01 Kanye West - Dark Fantasy.flac
Jan 16 12:01 : update: added Kanye West - My Beautiful Dark Twisted Fantasy (2010)/10 Kanye West - Hell Of A Life.flac
Jan 16 12:01 : update: added Kanye West - My Beautiful Dark Twisted Fantasy (2010)/05 Kanye West - All Of The Lights.flac
Jan 16 12:01 : update: added Kanye West - My Beautiful Dark Twisted Fantasy (2010)/09 Kanye West - Runaway [feat. Pusha T].flac
Jan 16 12:01 : update: added Kanye West - My Beautiful Dark Twisted Fantasy (2010)/12 Kanye West - Lost In The World [feat. Bon Iver].flac
Jan 16 12:01 : update: added Kanye West - My Beautiful Dark Twisted Fantasy (2010)/04 Kanye West - All Of The Lights [Interlude].flac
Jan 16 12:01 : update: added Kanye West - My Beautiful Dark Twisted Fantasy (2010)/08 Kanye West - Devil In A New Dress [feat. Rick Ross].flac
Jan 16 12:01 : update: added Kanye West - My Beautiful Dark Twisted Fantasy (2010)/02 Kanye West - Gorgeous [feat. Kid Cudi].flac
Jan 16 12:01 : update: added Kanye West - My Beautiful Dark Twisted Fantasy (2010)/07 Kanye West - So Appalled [feat. Jay-Z, Pusha T, CyHi Da Prynce, Swizz Beatz & The RZA].flac
Jan 16 12:01 : update: added Kanye West - My Beautiful Dark Twisted Fantasy (2010)/03 Kanye West - POWER.flac
Jan 16 12:01 : update: added Kanye West - My Beautiful Dark Twisted Fantasy (2010)/06 Kanye West - Monster [feat. Jay-Z, Rick Ross, Nicki Minaj & Bon Iver].flac
Jan 16 12:01 : update: added Kanye West - My Beautiful Dark Twisted Fantasy (2010)/13 Kanye West - Who Will Survive In America.flac
Jan 16 12:01 : update: added Kanye West - My Beautiful Dark Twisted Fantasy (2010)/11 Kanye West - Blame Game [feat. John Legend].flac
Jan 16 12:01 : update: added Beethoven; Pittsburgh Symphony Orchestra, Manfred Honeck - Beethoven- Symphony no. 9 (2021)/Beethoven; Pittsburgh Symphony Orchestra, Manfred Honeck - Beethoven- Symphony no. 9.flac
Jan 16 12:01 : update: added Tchaikovsky - Ballet Suites - Karajan (1996)/Tchaikovsky - Ballet Suites - Karajan.flac
Jan 16 12:01 : update: added Dvorak9 - Levine/James Levine Chicago Symphony Orchestra - Dvorak New World Symphony.flac
Jan 16 12:01 : update: added J. Cole - 2014 - 2014 Forest Hills Drive [FLAC]/07. St. Tropez.flac
Jan 16 12:01 : update: added J. Cole - 2014 - 2014 Forest Hills Drive [FLAC]/02. January 28th.flac
Jan 16 12:01 : update: added J. Cole - 2014 - 2014 Forest Hills Drive [FLAC]/11. Apparently.flac
Jan 16 12:01 : update: added J. Cole - 2014 - 2014 Forest Hills Drive [FLAC]/06. Fire Squad.flac
Jan 16 12:01 : update: added J. Cole - 2014 - 2014 Forest Hills Drive [FLAC]/12. Love Yourz.flac
Jan 16 12:01 : update: added J. Cole - 2014 - 2014 Forest Hills Drive [FLAC]/10. Hello.flac
Jan 16 12:01 : update: added J. Cole - 2014 - 2014 Forest Hills Drive [FLAC]/08. G.O.M.D..flac
Jan 16 12:01 : update: added J. Cole - 2014 - 2014 Forest Hills Drive [FLAC]/05. A Tale of 2 Citiez.flac
Jan 16 12:01 : update: added J. Cole - 2014 - 2014 Forest Hills Drive [FLAC]/13. Note to Yourself.flac
Jan 16 12:01 : update: added J. Cole - 2014 - 2014 Forest Hills Drive [FLAC]/09. No Role Modelz.flac
Jan 16 12:01 : update: added J. Cole - 2014 - 2014 Forest Hills Drive [FLAC]/04. 03' Adolescence.flac
Jan 16 12:01 : update: added J. Cole - 2014 - 2014 Forest Hills Drive [FLAC]/03. Wet Dreamz.flac
Jan 16 12:01 : update: added J. Cole - 2014 - 2014 Forest Hills Drive [FLAC]/01. Intro.flac
Jan 16 12:01 : update: added Kendrick Lamar - To Pimp A Butterfly (2015) [FLAC 24bit]/13-The Blacker The Berry.flac
Jan 16 12:01 : update: added Kendrick Lamar - To Pimp A Butterfly (2015) [FLAC 24bit]/12-Complexion (A Zulu Love) (feat. Rapsody).flac
Jan 16 12:01 : update: added Kendrick Lamar - To Pimp A Butterfly (2015) [FLAC 24bit]/04-Institutionalized (feat. Bilal, Anna Wise & Snoop Dogg).flac
Jan 16 12:01 : update: added Kendrick Lamar - To Pimp A Butterfly (2015) [FLAC 24bit]/07-Alright.flac
Jan 16 12:01 : update: added Kendrick Lamar - To Pimp A Butterfly (2015) [FLAC 24bit]/16-Mortal Man.flac
Jan 16 12:01 : update: added Kendrick Lamar - To Pimp A Butterfly (2015) [FLAC 24bit]/05-These Walls (feat. Bilal, Anna Wise & Thundercat).flac
Jan 16 12:01 : update: added Kendrick Lamar - To Pimp A Butterfly (2015) [FLAC 24bit]/08-For Sale_ (Interlude).flac
Jan 16 12:01 : update: added Kendrick Lamar - To Pimp A Butterfly (2015) [FLAC 24bit]/14-You Ain't Gotta Lie (Momma Said).flac
Jan 16 12:01 : update: added Kendrick Lamar - To Pimp A Butterfly (2015) [FLAC 24bit]/10-Hood Politics.flac
Jan 16 12:01 : update: added Kendrick Lamar - To Pimp A Butterfly (2015) [FLAC 24bit]/15-i.flac
Jan 16 12:01 : update: added Kendrick Lamar - To Pimp A Butterfly (2015) [FLAC 24bit]/06-u.flac
Jan 16 12:01 : update: added Kendrick Lamar - To Pimp A Butterfly (2015) [FLAC 24bit]/11-How Much A Dollar Cost (feat. James Fauntleroy & Ronald Isley).flac
Jan 16 12:01 : update: added Kendrick Lamar - To Pimp A Butterfly (2015) [FLAC 24bit]/02-For Free_ (Interlude).flac
Jan 16 12:01 : update: added Kendrick Lamar - To Pimp A Butterfly (2015) [FLAC 24bit]/03-King Kunta.flac
Jan 16 12:01 : update: added Kendrick Lamar - To Pimp A Butterfly (2015) [FLAC 24bit]/01-Wesley's Theory (feat. George Clinton & Thundercat).flac
Jan 16 12:01 : update: added Kendrick Lamar - To Pimp A Butterfly (2015) [FLAC 24bit]/09-Momma.flac
Jan 16 12:01 : update: added After Hours (Deluxe) [44.1-24 Tidal MQA]/08. The Weeknd - Faith.flac
Jan 16 12:01 : update: added After Hours (Deluxe) [44.1-24 Tidal MQA]/12. The Weeknd - Repeat After Me (Interlude).flac
Jan 16 12:01 : update: added After Hours (Deluxe) [44.1-24 Tidal MQA]/14. The Weeknd - Until I Bleed Out.flac
Jan 16 12:01 : update: added After Hours (Deluxe) [44.1-24 Tidal MQA]/13. The Weeknd - After Hours.flac
Jan 16 12:01 : update: added After Hours (Deluxe) [44.1-24 Tidal MQA]/04. The Weeknd - Scared To Live.flac
Jan 16 12:01 : update: added After Hours (Deluxe) [44.1-24 Tidal MQA]/15. The Weeknd - Nothing Compares (Bonus Track).flac
Jan 16 12:01 : update: added After Hours (Deluxe) [44.1-24 Tidal MQA]/16. The Weeknd - Missed You (Bonus Track).flac
Jan 16 12:01 : update: added After Hours (Deluxe) [44.1-24 Tidal MQA]/03. The Weeknd - Hardest To Love.flac
Jan 16 12:01 : update: added After Hours (Deluxe) [44.1-24 Tidal MQA]/06. The Weeknd - Escape From LA.flac
Jan 16 12:01 : update: added After Hours (Deluxe) [44.1-24 Tidal MQA]/11. The Weeknd - Save Your Tears.flac
Jan 16 12:01 : update: added After Hours (Deluxe) [44.1-24 Tidal MQA]/09. The Weeknd - Blinding Lights.flac
Jan 16 12:01 : update: added After Hours (Deluxe) [44.1-24 Tidal MQA]/01. The Weeknd - Alone Again.flac
Jan 16 12:01 : update: added After Hours (Deluxe) [44.1-24 Tidal MQA]/07. The Weeknd - Heartless.flac
Jan 16 12:01 : update: added After Hours (Deluxe) [44.1-24 Tidal MQA]/17. The Weeknd - Final Lullaby (Bonus Track).flac
Jan 16 12:01 : update: added After Hours (Deluxe) [44.1-24 Tidal MQA]/05. The Weeknd - Snowchild.flac
Jan 16 12:01 : update: added After Hours (Deluxe) [44.1-24 Tidal MQA]/02. The Weeknd - Too Late.flac
Jan 16 12:01 : update: added After Hours (Deluxe) [44.1-24 Tidal MQA]/10. The Weeknd - In Your Eyes.flac
Jan 16 12:01 : update: added Daft Punk - Random Access Memories  2013(2021,LP)/05 - Instant Crush.flac
Jan 16 12:01 : update: added Daft Punk - Random Access Memories  2013(2021,LP)/08 - Get Lucky.flac
Jan 16 12:01 : update: added Daft Punk - Random Access Memories  2013(2021,LP)/13 - Contact.flac
Jan 16 12:01 : update: added Daft Punk - Random Access Memories  2013(2021,LP)/03 - Giorgio By Moroder.flac
Jan 16 12:01 : update: added Daft Punk - Random Access Memories  2013(2021,LP)/07 - Touch.flac
Jan 16 12:01 : update: added Daft Punk - Random Access Memories  2013(2021,LP)/06 - Lose Yourself To Dance.flac
Jan 16 12:01 : update: added Daft Punk - Random Access Memories  2013(2021,LP)/10 - Motherboard.flac
Jan 16 12:01 : update: added Daft Punk - Random Access Memories  2013(2021,LP)/01 - Give Life Back To Music.flac
Jan 16 12:01 : update: added Daft Punk - Random Access Memories  2013(2021,LP)/12 - Doin' It Right.flac
Jan 16 12:01 : update: added Daft Punk - Random Access Memories  2013(2021,LP)/11 - Fragments Of Time.flac
Jan 16 12:01 : update: added Daft Punk - Random Access Memories  2013(2021,LP)/04 - Within.flac
Jan 16 12:01 : update: added Daft Punk - Random Access Memories  2013(2021,LP)/09 - Beyond.flac
Jan 16 12:01 : update: added Daft Punk - Random Access Memories  2013(2021,LP)/02 - The Game Of Love.flac
Jan 16 12:01 : update: added J. S. Bach Edition [Deutsche Harmonia Mundi] (2013)/cd2/J. S. Bach Edition [Deutsche Harmonia Mundi] (Disc 2).flac
Jan 16 12:01 : update: added J. S. Bach Edition [Deutsche Harmonia Mundi] (2013)/cd5/J. S. Bach Edition [Deutsche Harmonia Mundi] (Disc 5).flac
Jan 16 12:01 : update: added J. S. Bach Edition [Deutsche Harmonia Mundi] (2013)/cd4/J. S. Bach Edition [Deutsche Harmonia Mundi] (Disc 4).flac
Jan 16 12:01 : update: added J. S. Bach Edition [Deutsche Harmonia Mundi] (2013)/cd3/J. S. Bach Edition [Deutsche Harmonia Mundi] (Disc 3).flac
Jan 16 12:01 : update: added J. S. Bach Edition [Deutsche Harmonia Mundi] (2013)/cd10/J. S. Bach Edition [Deutsche Harmonia Mundi] (Disc 10).flac
Jan 16 12:01 : update: added J. S. Bach Edition [Deutsche Harmonia Mundi] (2013)/cd6/J. S. Bach Edition [Deutsche Harmonia Mundi] (Disc 6).flac
Jan 16 12:01 : update: added J. S. Bach Edition [Deutsche Harmonia Mundi] (2013)/cd1/J. S. Bach Edition [Deutsche Harmonia Mundi] (Disc 1).flac
Jan 16 12:01 : update: added J. S. Bach Edition [Deutsche Harmonia Mundi] (2013)/cd8/J. S. Bach Edition [Deutsche Harmonia Mundi] (Disc 8).flac
Jan 16 12:01 : update: added J. S. Bach Edition [Deutsche Harmonia Mundi] (2013)/cd9/J. S. Bach Edition [Deutsche Harmonia Mundi] (Disc 9).flac
Jan 16 12:01 : update: added J. S. Bach Edition [Deutsche Harmonia Mundi] (2013)/cd7/J. S. Bach Edition [Deutsche Harmonia Mundi] (Disc 7).flac
Jan 16 12:01 : update: removing Lil Wayne - Tha Carter V (2018) [FLAC] {B0029310-02}/CD2/Lil Wayne - Tha Carter V - CD2.cue/track0003
Jan 16 12:01 : update: removing Lil Wayne - Tha Carter V (2018) [FLAC] {B0029310-02}/CD2/Lil Wayne - Tha Carter V - CD2.cue/track0002
Jan 16 12:01 : update: removing Lil Wayne - Tha Carter V (2018) [FLAC] {B0029310-02}/CD2/Lil Wayne - Tha Carter V - CD2.cue/track0001
Jan 16 12:01 : update: removing Kendrick Lamar - DAMN. (Collector's Edition) [2017]/DAMN. (Collector's Edition).cue/track0014
Jan 16 12:01 : update: removing Kendrick Lamar - DAMN. (Collector's Edition) [2017]/DAMN. (Collector's Edition).cue/track0013
Jan 16 12:01 : update: removing Kendrick Lamar - DAMN. (Collector's Edition) [2017]/DAMN. (Collector's Edition).cue/track0012
Jan 16 12:01 : update: removing Kendrick Lamar - DAMN. (Collector's Edition) [2017]/DAMN. (Collector's Edition).cue/track0011
Jan 16 12:01 : update: removing Kendrick Lamar - DAMN. (Collector's Edition) [2017]/DAMN. (Collector's Edition).cue/track0010
Jan 16 12:01 : update: removing Kendrick Lamar - DAMN. (Collector's Edition) [2017]/DAMN. (Collector's Edition).cue/track0009
Jan 16 12:01 : update: removing Kendrick Lamar - DAMN. (Collector's Edition) [2017]/DAMN. (Collector's Edition).cue/track0008
Jan 16 12:01 : update: removing Kendrick Lamar - DAMN. (Collector's Edition) [2017]/DAMN. (Collector's Edition).cue/track0007
Jan 16 12:01 : update: removing Kendrick Lamar - DAMN. (Collector's Edition) [2017]/DAMN. (Collector's Edition).cue/track0006
Jan 16 12:01 : update: removing Kendrick Lamar - DAMN. (Collector's Edition) [2017]/DAMN. (Collector's Edition).cue/track0005
Jan 16 12:01 : update: removing Kendrick Lamar - DAMN. (Collector's Edition) [2017]/DAMN. (Collector's Edition).cue/track0004
Jan 16 12:01 : update: removing Kendrick Lamar - DAMN. (Collector's Edition) [2017]/DAMN. (Collector's Edition).cue/track0003
Jan 16 12:01 : update: removing Kendrick Lamar - DAMN. (Collector's Edition) [2017]/DAMN. (Collector's Edition).cue/track0002
Jan 16 12:01 : update: removing Kendrick Lamar - DAMN. (Collector's Edition) [2017]/DAMN. (Collector's Edition).cue/track0001
Jan 16 12:01 : update: removing J. S. Bach Edition [Deutsche Harmonia Mundi] (2013)/orig. cue & logs/J.S.Bach Edition [Deutsche Harmonia Mundi] (Disc 1).cue/track0009
Jan 16 12:01 : update: removing J. S. Bach Edition [Deutsche Harmonia Mundi] (2013)/orig. cue & logs/J.S.Bach Edition [Deutsche Harmonia Mundi] (Disc 1).cue/track0008
Jan 16 12:01 : update: removing J. S. Bach Edition [Deutsche Harmonia Mundi] (2013)/orig. cue & logs/J.S.Bach Edition [Deutsche Harmonia Mundi] (Disc 1).cue/track0007
Jan 16 12:01 : update: removing J. S. Bach Edition [Deutsche Harmonia Mundi] (2013)/orig. cue & logs/J.S.Bach Edition [Deutsche Harmonia Mundi] (Disc 1).cue/track0006
Jan 16 12:01 : update: removing J. S. Bach Edition [Deutsche Harmonia Mundi] (2013)/orig. cue & logs/J.S.Bach Edition [Deutsche Harmonia Mundi] (Disc 1).cue/track0005
Jan 16 12:01 : update: removing J. S. Bach Edition [Deutsche Harmonia Mundi] (2013)/orig. cue & logs/J.S.Bach Edition [Deutsche Harmonia Mundi] (Disc 1).cue/track0004
Jan 16 12:01 : update: removing J. S. Bach Edition [Deutsche Harmonia Mundi] (2013)/orig. cue & logs/J.S.Bach Edition [Deutsche Harmonia Mundi] (Disc 1).cue/track0003
Jan 16 12:01 : update: removing J. S. Bach Edition [Deutsche Harmonia Mundi] (2013)/orig. cue & logs/J.S.Bach Edition [Deutsche Harmonia Mundi] (Disc 1).cue/track0002
Jan 16 12:01 : update: removing J. S. Bach Edition [Deutsche Harmonia Mundi] (2013)/orig. cue & logs/J.S.Bach Edition [Deutsche Harmonia Mundi] (Disc 1).cue/track0001
Jan 16 12:01 : update: removing J. S. Bach Edition [Deutsche Harmonia Mundi] (2013)/orig. cue & logs/J.S.Bach Edition [Deutsche Harmonia Mundi] (Disc 7).cue/track0016
Jan 16 12:01 : update: removing J. S. Bach Edition [Deutsche Harmonia Mundi] (2013)/orig. cue & logs/J.S.Bach Edition [Deutsche Harmonia Mundi] (Disc 7).cue/track0015
Jan 16 12:01 : update: removing J. S. Bach Edition [Deutsche Harmonia Mundi] (2013)/orig. cue & logs/J.S.Bach Edition [Deutsche Harmonia Mundi] (Disc 7).cue/track0014
Jan 16 12:01 : update: removing J. S. Bach Edition [Deutsche Harmonia Mundi] (2013)/orig. cue & logs/J.S.Bach Edition [Deutsche Harmonia Mundi] (Disc 7).cue/track0013
Jan 16 12:01 : update: removing J. S. Bach Edition [Deutsche Harmonia Mundi] (2013)/orig. cue & logs/J.S.Bach Edition [Deutsche Harmonia Mundi] (Disc 7).cue/track0012
Jan 16 12:01 : update: removing J. S. Bach Edition [Deutsche Harmonia Mundi] (2013)/orig. cue & logs/J.S.Bach Edition [Deutsche Harmonia Mundi] (Disc 7).cue/track0011
Jan 16 12:01 : update: removing J. S. Bach Edition [Deutsche Harmonia Mundi] (2013)/orig. cue & logs/J.S.Bach Edition [Deutsche Harmonia Mundi] (Disc 7).cue/track0010
Jan 16 12:01 : update: removing J. S. Bach Edition [Deutsche Harmonia Mundi] (2013)/orig. cue & logs/J.S.Bach Edition [Deutsche Harmonia Mundi] (Disc 7).cue/track0009
Jan 16 12:01 : update: removing J. S. Bach Edition [Deutsche Harmonia Mundi] (2013)/orig. cue & logs/J.S.Bach Edition [Deutsche Harmonia Mundi] (Disc 7).cue/track0008
Jan 16 12:01 : update: removing J. S. Bach Edition [Deutsche Harmonia Mundi] (2013)/orig. cue & logs/J.S.Bach Edition [Deutsche Harmonia Mundi] (Disc 7).cue/track0007
Jan 16 12:01 : update: removing J. S. Bach Edition [Deutsche Harmonia Mundi] (2013)/orig. cue & logs/J.S.Bach Edition [Deutsche Harmonia Mundi] (Disc 7).cue/track0006
Jan 16 12:01 : update: removing J. S. Bach Edition [Deutsche Harmonia Mundi] (2013)/orig. cue & logs/J.S.Bach Edition [Deutsche Harmonia Mundi] (Disc 7).cue/track0005
Jan 16 12:01 : update: removing J. S. Bach Edition [Deutsche Harmonia Mundi] (2013)/orig. cue & logs/J.S.Bach Edition [Deutsche Harmonia Mundi] (Disc 7).cue/track0004
Jan 16 12:01 : update: removing J. S. Bach Edition [Deutsche Harmonia Mundi] (2013)/orig. cue & logs/J.S.Bach Edition [Deutsche Harmonia Mundi] (Disc 7).cue/track0003
Jan 16 12:01 : update: removing J. S. Bach Edition [Deutsche Harmonia Mundi] (2013)/orig. cue & logs/J.S.Bach Edition [Deutsche Harmonia Mundi] (Disc 7).cue/track0002
Jan 16 12:01 : update: removing J. S. Bach Edition [Deutsche Harmonia Mundi] (2013)/orig. cue & logs/J.S.Bach Edition [Deutsche Harmonia Mundi] (Disc 7).cue/track0001
Jan 16 12:01 : update: removing J. S. Bach Edition [Deutsche Harmonia Mundi] (2013)/orig. cue & logs/J.S.Bach Edition [Deutsche Harmonia Mundi] (Disc 6).cue/track0015
Jan 16 12:01 : update: removing J. S. Bach Edition [Deutsche Harmonia Mundi] (2013)/orig. cue & logs/J.S.Bach Edition [Deutsche Harmonia Mundi] (Disc 6).cue/track0014
Jan 16 12:01 : update: removing J. S. Bach Edition [Deutsche Harmonia Mundi] (2013)/orig. cue & logs/J.S.Bach Edition [Deutsche Harmonia Mundi] (Disc 6).cue/track0013
Jan 16 12:01 : update: removing J. S. Bach Edition [Deutsche Harmonia Mundi] (2013)/orig. cue & logs/J.S.Bach Edition [Deutsche Harmonia Mundi] (Disc 6).cue/track0012
Jan 16 12:01 : update: removing J. S. Bach Edition [Deutsche Harmonia Mundi] (2013)/orig. cue & logs/J.S.Bach Edition [Deutsche Harmonia Mundi] (Disc 6).cue/track0011
Jan 16 12:01 : update: removing J. S. Bach Edition [Deutsche Harmonia Mundi] (2013)/orig. cue & logs/J.S.Bach Edition [Deutsche Harmonia Mundi] (Disc 6).cue/track0010
Jan 16 12:01 : update: removing J. S. Bach Edition [Deutsche Harmonia Mundi] (2013)/orig. cue & logs/J.S.Bach Edition [Deutsche Harmonia Mundi] (Disc 6).cue/track0009
Jan 16 12:01 : update: removing J. S. Bach Edition [Deutsche Harmonia Mundi] (2013)/orig. cue & logs/J.S.Bach Edition [Deutsche Harmonia Mundi] (Disc 6).cue/track0008
Jan 16 12:01 : update: removing J. S. Bach Edition [Deutsche Harmonia Mundi] (2013)/orig. cue & logs/J.S.Bach Edition [Deutsche Harmonia Mundi] (Disc 6).cue/track0007
Jan 16 12:01 : update: removing J. S. Bach Edition [Deutsche Harmonia Mundi] (2013)/orig. cue & logs/J.S.Bach Edition [Deutsche Harmonia Mundi] (Disc 6).cue/track0006
Jan 16 12:01 : update: removing J. S. Bach Edition [Deutsche Harmonia Mundi] (2013)/orig. cue & logs/J.S.Bach Edition [Deutsche Harmonia Mundi] (Disc 6).cue/track0005
Jan 16 12:01 : update: removing J. S. Bach Edition [Deutsche Harmonia Mundi] (2013)/orig. cue & logs/J.S.Bach Edition [Deutsche Harmonia Mundi] (Disc 6).cue/track0004
Jan 16 12:01 : update: removing J. S. Bach Edition [Deutsche Harmonia Mundi] (2013)/orig. cue & logs/J.S.Bach Edition [Deutsche Harmonia Mundi] (Disc 6).cue/track0003
Jan 16 12:01 : update: removing J. S. Bach Edition [Deutsche Harmonia Mundi] (2013)/orig. cue & logs/J.S.Bach Edition [Deutsche Harmonia Mundi] (Disc 6).cue/track0002
Jan 16 12:01 : update: removing J. S. Bach Edition [Deutsche Harmonia Mundi] (2013)/orig. cue & logs/J.S.Bach Edition [Deutsche Harmonia Mundi] (Disc 6).cue/track0001
Jan 16 12:01 : update: removing J. S. Bach Edition [Deutsche Harmonia Mundi] (2013)/orig. cue & logs/J.S.Bach Edition [Deutsche Harmonia Mundi] (Disc 5).cue/track0012
Jan 16 12:01 : update: removing J. S. Bach Edition [Deutsche Harmonia Mundi] (2013)/orig. cue & logs/J.S.Bach Edition [Deutsche Harmonia Mundi] (Disc 5).cue/track0011
Jan 16 12:01 : update: removing J. S. Bach Edition [Deutsche Harmonia Mundi] (2013)/orig. cue & logs/J.S.Bach Edition [Deutsche Harmonia Mundi] (Disc 5).cue/track0010
Jan 16 12:01 : update: removing J. S. Bach Edition [Deutsche Harmonia Mundi] (2013)/orig. cue & logs/J.S.Bach Edition [Deutsche Harmonia Mundi] (Disc 5).cue/track0009
Jan 16 12:01 : update: removing J. S. Bach Edition [Deutsche Harmonia Mundi] (2013)/orig. cue & logs/J.S.Bach Edition [Deutsche Harmonia Mundi] (Disc 5).cue/track0008
Jan 16 12:01 : update: removing J. S. Bach Edition [Deutsche Harmonia Mundi] (2013)/orig. cue & logs/J.S.Bach Edition [Deutsche Harmonia Mundi] (Disc 5).cue/track0007
Jan 16 12:01 : update: removing J. S. Bach Edition [Deutsche Harmonia Mundi] (2013)/orig. cue & logs/J.S.Bach Edition [Deutsche Harmonia Mundi] (Disc 5).cue/track0006
Jan 16 12:01 : update: removing J. S. Bach Edition [Deutsche Harmonia Mundi] (2013)/orig. cue & logs/J.S.Bach Edition [Deutsche Harmonia Mundi] (Disc 5).cue/track0005
Jan 16 12:01 : update: removing J. S. Bach Edition [Deutsche Harmonia Mundi] (2013)/orig. cue & logs/J.S.Bach Edition [Deutsche Harmonia Mundi] (Disc 5).cue/track0004
Jan 16 12:01 : update: removing J. S. Bach Edition [Deutsche Harmonia Mundi] (2013)/orig. cue & logs/J.S.Bach Edition [Deutsche Harmonia Mundi] (Disc 5).cue/track0003
Jan 16 12:01 : update: removing J. S. Bach Edition [Deutsche Harmonia Mundi] (2013)/orig. cue & logs/J.S.Bach Edition [Deutsche Harmonia Mundi] (Disc 5).cue/track0002
Jan 16 12:01 : update: removing J. S. Bach Edition [Deutsche Harmonia Mundi] (2013)/orig. cue & logs/J.S.Bach Edition [Deutsche Harmonia Mundi] (Disc 5).cue/track0001
Jan 16 12:01 : update: removing J. S. Bach Edition [Deutsche Harmonia Mundi] (2013)/orig. cue & logs/J.S.Bach Edition [Deutsche Harmonia Mundi] (Disc 9).cue/track0016
Jan 16 12:01 : update: removing J. S. Bach Edition [Deutsche Harmonia Mundi] (2013)/orig. cue & logs/J.S.Bach Edition [Deutsche Harmonia Mundi] (Disc 9).cue/track0015
Jan 16 12:01 : update: removing J. S. Bach Edition [Deutsche Harmonia Mundi] (2013)/orig. cue & logs/J.S.Bach Edition [Deutsche Harmonia Mundi] (Disc 9).cue/track0014
Jan 16 12:01 : update: removing J. S. Bach Edition [Deutsche Harmonia Mundi] (2013)/orig. cue & logs/J.S.Bach Edition [Deutsche Harmonia Mundi] (Disc 9).cue/track0013
Jan 16 12:01 : update: removing J. S. Bach Edition [Deutsche Harmonia Mundi] (2013)/orig. cue & logs/J.S.Bach Edition [Deutsche Harmonia Mundi] (Disc 9).cue/track0012
Jan 16 12:01 : update: removing J. S. Bach Edition [Deutsche Harmonia Mundi] (2013)/orig. cue & logs/J.S.Bach Edition [Deutsche Harmonia Mundi] (Disc 9).cue/track0011
Jan 16 12:01 : update: removing J. S. Bach Edition [Deutsche Harmonia Mundi] (2013)/orig. cue & logs/J.S.Bach Edition [Deutsche Harmonia Mundi] (Disc 9).cue/track0010
Jan 16 12:01 : update: removing J. S. Bach Edition [Deutsche Harmonia Mundi] (2013)/orig. cue & logs/J.S.Bach Edition [Deutsche Harmonia Mundi] (Disc 9).cue/track0009
Jan 16 12:01 : update: removing J. S. Bach Edition [Deutsche Harmonia Mundi] (2013)/orig. cue & logs/J.S.Bach Edition [Deutsche Harmonia Mundi] (Disc 9).cue/track0008
Jan 16 12:01 : update: removing J. S. Bach Edition [Deutsche Harmonia Mundi] (2013)/orig. cue & logs/J.S.Bach Edition [Deutsche Harmonia Mundi] (Disc 9).cue/track0007
Jan 16 12:01 : update: removing J. S. Bach Edition [Deutsche Harmonia Mundi] (2013)/orig. cue & logs/J.S.Bach Edition [Deutsche Harmonia Mundi] (Disc 9).cue/track0006
Jan 16 12:01 : update: removing J. S. Bach Edition [Deutsche Harmonia Mundi] (2013)/orig. cue & logs/J.S.Bach Edition [Deutsche Harmonia Mundi] (Disc 9).cue/track0005
Jan 16 12:01 : update: removing J. S. Bach Edition [Deutsche Harmonia Mundi] (2013)/orig. cue & logs/J.S.Bach Edition [Deutsche Harmonia Mundi] (Disc 9).cue/track0004
Jan 16 12:01 : update: removing J. S. Bach Edition [Deutsche Harmonia Mundi] (2013)/orig. cue & logs/J.S.Bach Edition [Deutsche Harmonia Mundi] (Disc 9).cue/track0003
Jan 16 12:01 : update: removing J. S. Bach Edition [Deutsche Harmonia Mundi] (2013)/orig. cue & logs/J.S.Bach Edition [Deutsche Harmonia Mundi] (Disc 9).cue/track0002
Jan 16 12:01 : update: removing J. S. Bach Edition [Deutsche Harmonia Mundi] (2013)/orig. cue & logs/J.S.Bach Edition [Deutsche Harmonia Mundi] (Disc 9).cue/track0001
Jan 16 12:01 : update: removing J. S. Bach Edition [Deutsche Harmonia Mundi] (2013)/orig. cue & logs/J.S.Bach Edition [Deutsche Harmonia Mundi] (Disc 8).cue/track0015
Jan 16 12:01 : update: removing J. S. Bach Edition [Deutsche Harmonia Mundi] (2013)/orig. cue & logs/J.S.Bach Edition [Deutsche Harmonia Mundi] (Disc 8).cue/track0014
Jan 16 12:01 : update: removing J. S. Bach Edition [Deutsche Harmonia Mundi] (2013)/orig. cue & logs/J.S.Bach Edition [Deutsche Harmonia Mundi] (Disc 8).cue/track0013
Jan 16 12:01 : update: removing J. S. Bach Edition [Deutsche Harmonia Mundi] (2013)/orig. cue & logs/J.S.Bach Edition [Deutsche Harmonia Mundi] (Disc 8).cue/track0012
Jan 16 12:01 : update: removing J. S. Bach Edition [Deutsche Harmonia Mundi] (2013)/orig. cue & logs/J.S.Bach Edition [Deutsche Harmonia Mundi] (Disc 8).cue/track0011
Jan 16 12:01 : update: removing J. S. Bach Edition [Deutsche Harmonia Mundi] (2013)/orig. cue & logs/J.S.Bach Edition [Deutsche Harmonia Mundi] (Disc 8).cue/track0010
Jan 16 12:01 : update: removing J. S. Bach Edition [Deutsche Harmonia Mundi] (2013)/orig. cue & logs/J.S.Bach Edition [Deutsche Harmonia Mundi] (Disc 8).cue/track0009
Jan 16 12:01 : update: removing J. S. Bach Edition [Deutsche Harmonia Mundi] (2013)/orig. cue & logs/J.S.Bach Edition [Deutsche Harmonia Mundi] (Disc 8).cue/track0008
Jan 16 12:01 : update: removing J. S. Bach Edition [Deutsche Harmonia Mundi] (2013)/orig. cue & logs/J.S.Bach Edition [Deutsche Harmonia Mundi] (Disc 8).cue/track0007
Jan 16 12:01 : update: removing J. S. Bach Edition [Deutsche Harmonia Mundi] (2013)/orig. cue & logs/J.S.Bach Edition [Deutsche Harmonia Mundi] (Disc 8).cue/track0006
Jan 16 12:01 : update: removing J. S. Bach Edition [Deutsche Harmonia Mundi] (2013)/orig. cue & logs/J.S.Bach Edition [Deutsche Harmonia Mundi] (Disc 8).cue/track0005
Jan 16 12:01 : update: removing J. S. Bach Edition [Deutsche Harmonia Mundi] (2013)/orig. cue & logs/J.S.Bach Edition [Deutsche Harmonia Mundi] (Disc 8).cue/track0004
Jan 16 12:01 : update: removing J. S. Bach Edition [Deutsche Harmonia Mundi] (2013)/orig. cue & logs/J.S.Bach Edition [Deutsche Harmonia Mundi] (Disc 8).cue/track0003
Jan 16 12:01 : update: removing J. S. Bach Edition [Deutsche Harmonia Mundi] (2013)/orig. cue & logs/J.S.Bach Edition [Deutsche Harmonia Mundi] (Disc 8).cue/track0002
Jan 16 12:01 : update: removing J. S. Bach Edition [Deutsche Harmonia Mundi] (2013)/orig. cue & logs/J.S.Bach Edition [Deutsche Harmonia Mundi] (Disc 8).cue/track0001
Jan 16 12:01 : update: removing J. S. Bach Edition [Deutsche Harmonia Mundi] (2013)/orig. cue & logs/J.S.Bach Edition [Deutsche Harmonia Mundi] (Disc 4).cue/track0009
Jan 16 12:01 : update: removing J. S. Bach Edition [Deutsche Harmonia Mundi] (2013)/orig. cue & logs/J.S.Bach Edition [Deutsche Harmonia Mundi] (Disc 4).cue/track0008
Jan 16 12:01 : update: removing J. S. Bach Edition [Deutsche Harmonia Mundi] (2013)/orig. cue & logs/J.S.Bach Edition [Deutsche Harmonia Mundi] (Disc 4).cue/track0007
Jan 16 12:01 : update: removing J. S. Bach Edition [Deutsche Harmonia Mundi] (2013)/orig. cue & logs/J.S.Bach Edition [Deutsche Harmonia Mundi] (Disc 4).cue/track0006
Jan 16 12:01 : update: removing J. S. Bach Edition [Deutsche Harmonia Mundi] (2013)/orig. cue & logs/J.S.Bach Edition [Deutsche Harmonia Mundi] (Disc 4).cue/track0005
Jan 16 12:01 : update: removing J. S. Bach Edition [Deutsche Harmonia Mundi] (2013)/orig. cue & logs/J.S.Bach Edition [Deutsche Harmonia Mundi] (Disc 4).cue/track0004
Jan 16 12:01 : update: removing J. S. Bach Edition [Deutsche Harmonia Mundi] (2013)/orig. cue & logs/J.S.Bach Edition [Deutsche Harmonia Mundi] (Disc 4).cue/track0003
Jan 16 12:01 : update: removing J. S. Bach Edition [Deutsche Harmonia Mundi] (2013)/orig. cue & logs/J.S.Bach Edition [Deutsche Harmonia Mundi] (Disc 4).cue/track0002
Jan 16 12:01 : update: removing J. S. Bach Edition [Deutsche Harmonia Mundi] (2013)/orig. cue & logs/J.S.Bach Edition [Deutsche Harmonia Mundi] (Disc 4).cue/track0001
Jan 16 12:01 : update: removing J. S. Bach Edition [Deutsche Harmonia Mundi] (2013)/orig. cue & logs/J.S.Bach Edition [Deutsche Harmonia Mundi] (Disc 3).cue/track0010
Jan 16 12:01 : update: removing J. S. Bach Edition [Deutsche Harmonia Mundi] (2013)/orig. cue & logs/J.S.Bach Edition [Deutsche Harmonia Mundi] (Disc 3).cue/track0009
Jan 16 12:01 : update: removing J. S. Bach Edition [Deutsche Harmonia Mundi] (2013)/orig. cue & logs/J.S.Bach Edition [Deutsche Harmonia Mundi] (Disc 3).cue/track0008
Jan 16 12:01 : update: removing J. S. Bach Edition [Deutsche Harmonia Mundi] (2013)/orig. cue & logs/J.S.Bach Edition [Deutsche Harmonia Mundi] (Disc 3).cue/track0007
Jan 16 12:01 : update: removing J. S. Bach Edition [Deutsche Harmonia Mundi] (2013)/orig. cue & logs/J.S.Bach Edition [Deutsche Harmonia Mundi] (Disc 3).cue/track0006
Jan 16 12:01 : update: removing J. S. Bach Edition [Deutsche Harmonia Mundi] (2013)/orig. cue & logs/J.S.Bach Edition [Deutsche Harmonia Mundi] (Disc 3).cue/track0005
Jan 16 12:01 : update: removing J. S. Bach Edition [Deutsche Harmonia Mundi] (2013)/orig. cue & logs/J.S.Bach Edition [Deutsche Harmonia Mundi] (Disc 3).cue/track0004
Jan 16 12:01 : update: removing J. S. Bach Edition [Deutsche Harmonia Mundi] (2013)/orig. cue & logs/J.S.Bach Edition [Deutsche Harmonia Mundi] (Disc 3).cue/track0003
Jan 16 12:01 : update: removing J. S. Bach Edition [Deutsche Harmonia Mundi] (2013)/orig. cue & logs/J.S.Bach Edition [Deutsche Harmonia Mundi] (Disc 3).cue/track0002
Jan 16 12:01 : update: removing J. S. Bach Edition [Deutsche Harmonia Mundi] (2013)/orig. cue & logs/J.S.Bach Edition [Deutsche Harmonia Mundi] (Disc 3).cue/track0001
Jan 16 12:01 : update: removing J. S. Bach Edition [Deutsche Harmonia Mundi] (2013)/orig. cue & logs/J.S.Bach Edition [Deutsche Harmonia Mundi] (Disc 10).cue/track0018
Jan 16 12:01 : update: removing J. S. Bach Edition [Deutsche Harmonia Mundi] (2013)/orig. cue & logs/J.S.Bach Edition [Deutsche Harmonia Mundi] (Disc 10).cue/track0017
Jan 16 12:01 : update: removing J. S. Bach Edition [Deutsche Harmonia Mundi] (2013)/orig. cue & logs/J.S.Bach Edition [Deutsche Harmonia Mundi] (Disc 10).cue/track0016
Jan 16 12:01 : update: removing J. S. Bach Edition [Deutsche Harmonia Mundi] (2013)/orig. cue & logs/J.S.Bach Edition [Deutsche Harmonia Mundi] (Disc 10).cue/track0015
Jan 16 12:01 : update: removing J. S. Bach Edition [Deutsche Harmonia Mundi] (2013)/orig. cue & logs/J.S.Bach Edition [Deutsche Harmonia Mundi] (Disc 10).cue/track0014
Jan 16 12:01 : update: removing J. S. Bach Edition [Deutsche Harmonia Mundi] (2013)/orig. cue & logs/J.S.Bach Edition [Deutsche Harmonia Mundi] (Disc 10).cue/track0013
Jan 16 12:01 : update: removing J. S. Bach Edition [Deutsche Harmonia Mundi] (2013)/orig. cue & logs/J.S.Bach Edition [Deutsche Harmonia Mundi] (Disc 10).cue/track0012
Jan 16 12:01 : update: removing J. S. Bach Edition [Deutsche Harmonia Mundi] (2013)/orig. cue & logs/J.S.Bach Edition [Deutsche Harmonia Mundi] (Disc 10).cue/track0011
Jan 16 12:01 : update: removing J. S. Bach Edition [Deutsche Harmonia Mundi] (2013)/orig. cue & logs/J.S.Bach Edition [Deutsche Harmonia Mundi] (Disc 10).cue/track0010
Jan 16 12:01 : update: removing J. S. Bach Edition [Deutsche Harmonia Mundi] (2013)/orig. cue & logs/J.S.Bach Edition [Deutsche Harmonia Mundi] (Disc 10).cue/track0009
Jan 16 12:01 : update: removing J. S. Bach Edition [Deutsche Harmonia Mundi] (2013)/orig. cue & logs/J.S.Bach Edition [Deutsche Harmonia Mundi] (Disc 10).cue/track0008
Jan 16 12:01 : update: removing J. S. Bach Edition [Deutsche Harmonia Mundi] (2013)/orig. cue & logs/J.S.Bach Edition [Deutsche Harmonia Mundi] (Disc 10).cue/track0007
Jan 16 12:01 : update: removing J. S. Bach Edition [Deutsche Harmonia Mundi] (2013)/orig. cue & logs/J.S.Bach Edition [Deutsche Harmonia Mundi] (Disc 10).cue/track0006
Jan 16 12:01 : update: removing J. S. Bach Edition [Deutsche Harmonia Mundi] (2013)/orig. cue & logs/J.S.Bach Edition [Deutsche Harmonia Mundi] (Disc 10).cue/track0005
Jan 16 12:01 : update: removing J. S. Bach Edition [Deutsche Harmonia Mundi] (2013)/orig. cue & logs/J.S.Bach Edition [Deutsche Harmonia Mundi] (Disc 10).cue/track0004
Jan 16 12:01 : update: removing J. S. Bach Edition [Deutsche Harmonia Mundi] (2013)/orig. cue & logs/J.S.Bach Edition [Deutsche Harmonia Mundi] (Disc 10).cue/track0003
Jan 16 12:01 : update: removing J. S. Bach Edition [Deutsche Harmonia Mundi] (2013)/orig. cue & logs/J.S.Bach Edition [Deutsche Harmonia Mundi] (Disc 10).cue/track0002
Jan 16 12:01 : update: removing J. S. Bach Edition [Deutsche Harmonia Mundi] (2013)/orig. cue & logs/J.S.Bach Edition [Deutsche Harmonia Mundi] (Disc 10).cue/track0001
Jan 16 12:01 : update: removing J. S. Bach Edition [Deutsche Harmonia Mundi] (2013)/orig. cue & logs/J.S.Bach Edition [Deutsche Harmonia Mundi] (Disc 2).cue/track0009
Jan 16 12:01 : update: removing J. S. Bach Edition [Deutsche Harmonia Mundi] (2013)/orig. cue & logs/J.S.Bach Edition [Deutsche Harmonia Mundi] (Disc 2).cue/track0008
Jan 16 12:01 : update: removing J. S. Bach Edition [Deutsche Harmonia Mundi] (2013)/orig. cue & logs/J.S.Bach Edition [Deutsche Harmonia Mundi] (Disc 2).cue/track0007
Jan 16 12:01 : update: removing J. S. Bach Edition [Deutsche Harmonia Mundi] (2013)/orig. cue & logs/J.S.Bach Edition [Deutsche Harmonia Mundi] (Disc 2).cue/track0006
Jan 16 12:01 : update: removing J. S. Bach Edition [Deutsche Harmonia Mundi] (2013)/orig. cue & logs/J.S.Bach Edition [Deutsche Harmonia Mundi] (Disc 2).cue/track0005
Jan 16 12:01 : update: removing J. S. Bach Edition [Deutsche Harmonia Mundi] (2013)/orig. cue & logs/J.S.Bach Edition [Deutsche Harmonia Mundi] (Disc 2).cue/track0004
Jan 16 12:01 : update: removing J. S. Bach Edition [Deutsche Harmonia Mundi] (2013)/orig. cue & logs/J.S.Bach Edition [Deutsche Harmonia Mundi] (Disc 2).cue/track0003
Jan 16 12:01 : update: removing J. S. Bach Edition [Deutsche Harmonia Mundi] (2013)/orig. cue & logs/J.S.Bach Edition [Deutsche Harmonia Mundi] (Disc 2).cue/track0002
Jan 16 12:01 : update: removing J. S. Bach Edition [Deutsche Harmonia Mundi] (2013)/orig. cue & logs/J.S.Bach Edition [Deutsche Harmonia Mundi] (Disc 2).cue/track0001
Jan 16 12:01 : update: removing J. Cole - 2014 - 2014 Forest Hills Drive [FLAC]/J. Cole - 2014 Forest Hills Drive.cue/track0013
Jan 16 12:01 : update: removing J. Cole - 2014 - 2014 Forest Hills Drive [FLAC]/J. Cole - 2014 Forest Hills Drive.cue/track0012
Jan 16 12:01 : update: removing J. Cole - 2014 - 2014 Forest Hills Drive [FLAC]/J. Cole - 2014 Forest Hills Drive.cue/track0011
Jan 16 12:01 : update: removing J. Cole - 2014 - 2014 Forest Hills Drive [FLAC]/J. Cole - 2014 Forest Hills Drive.cue/track0010
Jan 16 12:01 : update: removing J. Cole - 2014 - 2014 Forest Hills Drive [FLAC]/J. Cole - 2014 Forest Hills Drive.cue/track0009
Jan 16 12:01 : update: removing J. Cole - 2014 - 2014 Forest Hills Drive [FLAC]/J. Cole - 2014 Forest Hills Drive.cue/track0008
Jan 16 12:01 : update: removing J. Cole - 2014 - 2014 Forest Hills Drive [FLAC]/J. Cole - 2014 Forest Hills Drive.cue/track0007
Jan 16 12:01 : update: removing J. Cole - 2014 - 2014 Forest Hills Drive [FLAC]/J. Cole - 2014 Forest Hills Drive.cue/track0006
Jan 16 12:01 : update: removing J. Cole - 2014 - 2014 Forest Hills Drive [FLAC]/J. Cole - 2014 Forest Hills Drive.cue/track0005
Jan 16 12:01 : update: removing J. Cole - 2014 - 2014 Forest Hills Drive [FLAC]/J. Cole - 2014 Forest Hills Drive.cue/track0004
Jan 16 12:01 : update: removing J. Cole - 2014 - 2014 Forest Hills Drive [FLAC]/J. Cole - 2014 Forest Hills Drive.cue/track0003
Jan 16 12:01 : update: removing J. Cole - 2014 - 2014 Forest Hills Drive [FLAC]/J. Cole - 2014 Forest Hills Drive.cue/track0002
Jan 16 12:01 : update: removing J. Cole - 2014 - 2014 Forest Hills Drive [FLAC]/J. Cole - 2014 Forest Hills Drive.cue/track0001
Jan 16 12:01 : update: removing Kanye West - My Beautiful Dark Twisted Fantasy (2010)/My Beautiful Dark Twisted Fantasy.cue/track0013
Jan 16 12:01 : update: removing Kanye West - My Beautiful Dark Twisted Fantasy (2010)/My Beautiful Dark Twisted Fantasy.cue/track0012
Jan 16 12:01 : update: removing Kanye West - My Beautiful Dark Twisted Fantasy (2010)/My Beautiful Dark Twisted Fantasy.cue/track0011
Jan 16 12:01 : update: removing Kanye West - My Beautiful Dark Twisted Fantasy (2010)/My Beautiful Dark Twisted Fantasy.cue/track0010
Jan 16 12:01 : update: removing Kanye West - My Beautiful Dark Twisted Fantasy (2010)/My Beautiful Dark Twisted Fantasy.cue/track0009
Jan 16 12:01 : update: removing Kanye West - My Beautiful Dark Twisted Fantasy (2010)/My Beautiful Dark Twisted Fantasy.cue/track0008
Jan 16 12:01 : update: removing Kanye West - My Beautiful Dark Twisted Fantasy (2010)/My Beautiful Dark Twisted Fantasy.cue/track0007
Jan 16 12:01 : update: removing Kanye West - My Beautiful Dark Twisted Fantasy (2010)/My Beautiful Dark Twisted Fantasy.cue/track0006
Jan 16 12:01 : update: removing Kanye West - My Beautiful Dark Twisted Fantasy (2010)/My Beautiful Dark Twisted Fantasy.cue/track0005
Jan 16 12:01 : update: removing Kanye West - My Beautiful Dark Twisted Fantasy (2010)/My Beautiful Dark Twisted Fantasy.cue/track0004
Jan 16 12:01 : update: removing Kanye West - My Beautiful Dark Twisted Fantasy (2010)/My Beautiful Dark Twisted Fantasy.cue/track0003
Jan 16 12:01 : update: removing Kanye West - My Beautiful Dark Twisted Fantasy (2010)/My Beautiful Dark Twisted Fantasy.cue/track0002
Jan 16 12:01 : update: removing Kanye West - My Beautiful Dark Twisted Fantasy (2010)/My Beautiful Dark Twisted Fantasy.cue/track0001
Jan 16 12:01 : update: removing Lil Wayne - Tha Carter V (2018) [FLAC] {B0029310-02}/CD1/Lil Wayne - Tha Carter V - CD1.cue/track0011
Jan 16 12:01 : update: removing Lil Wayne - Tha Carter V (2018) [FLAC] {B0029310-02}/CD1/Lil Wayne - Tha Carter V - CD1.cue/track0010
Jan 16 12:01 : update: removing Lil Wayne - Tha Carter V (2018) [FLAC] {B0029310-02}/CD1/Lil Wayne - Tha Carter V - CD1.cue/track0009
Jan 16 12:01 : update: removing Lil Wayne - Tha Carter V (2018) [FLAC] {B0029310-02}/CD1/Lil Wayne - Tha Carter V - CD1.cue/track0008
Jan 16 12:01 : update: removing Lil Wayne - Tha Carter V (2018) [FLAC] {B0029310-02}/CD1/Lil Wayne - Tha Carter V - CD1.cue/track0007
Jan 16 12:01 : update: removing Lil Wayne - Tha Carter V (2018) [FLAC] {B0029310-02}/CD1/Lil Wayne - Tha Carter V - CD1.cue/track0006
Jan 16 12:01 : update: removing Lil Wayne - Tha Carter V (2018) [FLAC] {B0029310-02}/CD1/Lil Wayne - Tha Carter V - CD1.cue/track0005
Jan 16 12:01 : update: removing Lil Wayne - Tha Carter V (2018) [FLAC] {B0029310-02}/CD1/Lil Wayne - Tha Carter V - CD1.cue/track0004
Jan 16 12:01 : update: removing Lil Wayne - Tha Carter V (2018) [FLAC] {B0029310-02}/CD1/Lil Wayne - Tha Carter V - CD1.cue/track0003
Jan 16 12:01 : update: removing Lil Wayne - Tha Carter V (2018) [FLAC] {B0029310-02}/CD1/Lil Wayne - Tha Carter V - CD1.cue/track0002
Jan 16 12:01 : update: removing Lil Wayne - Tha Carter V (2018) [FLAC] {B0029310-02}/CD1/Lil Wayne - Tha Carter V - CD1.cue/track0001
Jan 16 12:01 : update: removing Lil Wayne - Tha Carter V (2018) [FLAC] {B0029310-02}/CD2/Lil Wayne - Tha Carter V - CD2.cue/track0012
Jan 16 12:01 : update: removing Lil Wayne - Tha Carter V (2018) [FLAC] {B0029310-02}/CD2/Lil Wayne - Tha Carter V - CD2.cue/track0011
Jan 16 12:01 : update: removing Lil Wayne - Tha Carter V (2018) [FLAC] {B0029310-02}/CD2/Lil Wayne - Tha Carter V - CD2.cue/track0010
Jan 16 12:01 : update: removing Lil Wayne - Tha Carter V (2018) [FLAC] {B0029310-02}/CD2/Lil Wayne - Tha Carter V - CD2.cue/track0009
Jan 16 12:01 : update: removing Lil Wayne - Tha Carter V (2018) [FLAC] {B0029310-02}/CD2/Lil Wayne - Tha Carter V - CD2.cue/track0008
Jan 16 12:01 : update: removing Lil Wayne - Tha Carter V (2018) [FLAC] {B0029310-02}/CD2/Lil Wayne - Tha Carter V - CD2.cue/track0007
Jan 16 12:01 : update: removing Lil Wayne - Tha Carter V (2018) [FLAC] {B0029310-02}/CD2/Lil Wayne - Tha Carter V - CD2.cue/track0006
Jan 16 12:01 : update: removing Lil Wayne - Tha Carter V (2018) [FLAC] {B0029310-02}/CD2/Lil Wayne - Tha Carter V - CD2.cue/track0005
Jan 16 12:01 : update: removing Lil Wayne - Tha Carter V (2018) [FLAC] {B0029310-02}/CD2/Lil Wayne - Tha Carter V - CD2.cue/track0004
Jan 16 12:04 : mixer: Failed to read mixer for 'default detected output': The operation couldn’t be completed. (OSStatus error 2003332927.)
Jan 16 12:09 : config: inotify: auto_update was disabled. enable during compilation phase
Jan 16 12:11 : mixer: Failed to read mixer for 'default detected output': The operation couldn’t be completed. (OSStatus error 2003332927.)
Jan 16 12:15 : config: inotify: auto_update was disabled. enable during compilation phase
Jan 16 12:19 : player: played "Tchaikovsky - Ballet Suites - Karajan (1996)/Tchaikovsky - Ballet Suites - Karajan.flac"
Jan 16 12:43 : player: played "Tchaikovsky - Ballet Suites - Karajan (1996)/Tchaikovsky - Ballet Suites - Karajan.flac"
Jan 16 12:43 : config: inotify: auto_update was disabled. enable during compilation phase
Jan 16 12:43 : exception: Failed to open audio output
Jan 16 12:49 : player: played "Tchaikovsky - Ballet Suites - Karajan (1996)/Tchaikovsky - Ballet Suites - Karajan.flac"
Jan 16 12:50 : player: played "Tchaikovsky - Ballet Suites - Karajan (1996)/Tchaikovsky - Ballet Suites - Karajan.flac"
Jan 16 12:57 : player: played "Tchaikovsky - Ballet Suites - Karajan (1996)/Tchaikovsky - Ballet Suites - Karajan.flac"
Jan 16 13:00 : player: played "Tchaikovsky - Ballet Suites - Karajan (1996)/Tchaikovsky - Ballet Suites - Karajan.flac"
Jan 16 13:01 : player: played "Tchaikovsky - Ballet Suites - Karajan (1996)/Tchaikovsky - Ballet Suites - Karajan.flac"
Jan 16 13:01 : config: inotify: auto_update was disabled. enable during compilation phase
Jan 16 13:02 : player: played "Tchaikovsky - Ballet Suites - Karajan (1996)/Tchaikovsky - Ballet Suites - Karajan.flac"
Jan 16 13:02 : config: inotify: auto_update was disabled. enable during compilation phase
Jan 16 13:05 : player: played "Tchaikovsky - Ballet Suites - Karajan (1996)/Tchaikovsky - Ballet Suites - Karajan.flac"
Jan 16 13:13 : player: played "Tchaikovsky - Ballet Suites - Karajan (1996)/Tchaikovsky - Ballet Suites - Karajan.flac"
Jan 16 13:44 : config: inotify: auto_update was disabled. enable during compilation phase
Jan 16 13:47 : player: played "Tchaikovsky - Ballet Suites - Karajan (1996)/Tchaikovsky - Ballet Suites - Karajan.flac"
Jan 17 07:36 : config: inotify: auto_update was disabled. enable during compilation phase
Jan 17 07:36 : exception: No such directory
Jan 17 07:36 : exception: No such directory
Jan 17 07:36 : exception: No such directory
Jan 17 07:36 : exception: No such directory
Jan 17 07:36 : exception: No such directory
Jan 17 07:41 : player: played "Lil Wayne - Tha Carter V (2018) [FLAC] {B0029310-02}/CD1/02 - Don't Cry (feat. XXXTentacion).flac"
Jan 17 07:45 : player: played "Lil Wayne - Tha Carter V (2018) [FLAC] {B0029310-02}/CD1/10 - Open Letter.flac"
Jan 17 09:20 : config: inotify: auto_update was disabled. enable during compilation phase
Jan 17 09:25 : player: played "J. Cole - 4 Your Eyez Only (2016)(FLAC)(WEB)/6 Change.flac"
